2024-07-12 03:03:07.771 [info] Added views:workbench.panel.markers.view in workbench.panel.markers
2024-07-12 03:03:07.771 [info] Added views:workbench.panel.output in workbench.panel.output
2024-07-12 03:03:07.771 [info] Added views:terminal in terminal
2024-07-12 03:03:07.771 [info] Added views:outline in workbench.view.explorer
2024-07-12 03:03:07.771 [info] Added views:workbench.scm in workbench.view.scm
2024-07-12 03:03:07.771 [info] Added views:workbench.view.search in workbench.view.search
2024-07-12 03:03:07.771 [info] Added views:timeline in workbench.view.explorer
2024-07-12 03:03:07.771 [info] Added views:workbench.explorer.emptyView in workbench.view.explorer
2024-07-12 03:03:07.894 [info] Added views:workbench.debug.variablesView,workbench.debug.watchExpressionsView,workbench.debug.callStackView,workbench.debug.breakPointsView in workbench.view.debug
2024-07-12 03:03:08.419 [info] Added views:workbench.panel.repl.view in workbench.panel.repl
2024-07-12 03:03:08.421 [info] Removed views:workbench.debug.breakPointsView,workbench.debug.callStackView,workbench.debug.watchExpressionsView,workbench.debug.variablesView from workbench.view.debug
2024-07-12 03:03:08.421 [info] Added views:workbench.debug.welcome in workbench.view.debug
2024-07-12 03:03:08.650 [info] Added views:~remote.forwardedPorts in ~remote.forwardedPortsContainer
2024-07-12 03:03:08.919 [info] Added views:workbench.panel.comments in workbench.panel.comments
2024-07-12 03:03:10.002 [info] Added views:tabnine.loading in workbench.view.extension.tabnine
2024-07-12 03:03:11.349 [info] Removed views:tabnine.loading from workbench.view.extension.tabnine
2024-07-12 03:03:11.350 [info] Added views:tabnine.chat in workbench.view.extension.tabnine
2024-07-12 03:06:16.300 [info] Added views:workbench.panel.markers.view in workbench.panel.markers
2024-07-12 03:06:16.300 [info] Added views:workbench.panel.output in workbench.panel.output
2024-07-12 03:06:16.300 [info] Added views:terminal in terminal
2024-07-12 03:06:16.300 [info] Added views:outline in workbench.view.explorer
2024-07-12 03:06:16.300 [info] Added views:workbench.scm in workbench.view.scm
2024-07-12 03:06:16.300 [info] Added views:workbench.view.search in workbench.view.search
2024-07-12 03:06:16.300 [info] Added views:timeline in workbench.view.explorer
2024-07-12 03:06:16.300 [info] Added views:workbench.explorer.fileView in workbench.view.explorer
2024-07-12 03:06:16.722 [info] Added views:workbench.debug.variablesView,workbench.debug.watchExpressionsView,workbench.debug.callStackView,workbench.debug.breakPointsView in workbench.view.debug
2024-07-12 03:06:16.816 [info] Added views:workbench.panel.repl.view in workbench.panel.repl
2024-07-12 03:06:16.817 [info] Removed views:workbench.debug.breakPointsView,workbench.debug.callStackView,workbench.debug.watchExpressionsView,workbench.debug.variablesView from workbench.view.debug
2024-07-12 03:06:16.817 [info] Added views:workbench.debug.welcome in workbench.view.debug
2024-07-12 03:06:16.985 [info] Added views:~remote.forwardedPorts in ~remote.forwardedPortsContainer
2024-07-12 03:06:17.312 [info] Added views:workbench.panel.comments in workbench.panel.comments
2024-07-12 03:06:18.294 [info] Added views:tabnine.loading in workbench.view.extension.tabnine
2024-07-12 03:06:19.709 [info] Removed views:tabnine.loading from workbench.view.extension.tabnine
2024-07-12 03:06:19.710 [info] Added views:tabnine.chat in workbench.view.extension.tabnine
2024-07-12 03:21:00.144 [info] Added views:workbench.views.extensions.installed,workbench.views.extensions.popular,extensions.recommendedList in workbench.view.extensions
2024-07-12 03:21:00.151 [info] Removed views:workbench.views.extensions.popular from workbench.view.extensions
2024-07-12 03:21:00.732 [info] Removed views:extensions.recommendedList,workbench.views.extensions.installed from workbench.view.extensions
2024-07-12 03:21:00.737 [info] Added views:workbench.views.extensions.marketplace in workbench.view.extensions
2024-07-12 03:21:09.912 [info] Added views:workbench.view.testing in workbench.view.extension.test
