2024-07-13 00:32:30.334 [info] Starting Python Locator /home/notpineapple/.vscode/extensions/ms-python.python-2024.10.0-linux-x64/python-env-tools/bin/pet server
2024-07-13 00:32:30.334 [info] Started Refreshing Environments
2024-07-13 00:32:30.334 [info] Discovered env: /bin/python
2024-07-13 00:32:30.335 [info] Discovered env: /usr/bin/python
2024-07-13 00:32:30.335 [info] Discovered env: /usr/bin/python3
2024-07-13 00:32:30.336 [info] Discovered env: /bin/python3
2024-07-13 00:32:30.337 [info] Discovered env: /usr/bin/python3.12
2024-07-13 00:32:30.337 [info] Discovered env: /bin/python3.12
2024-07-13 00:32:30.426 [info] Discovered env: /home/notpineapple/.config/eww/.venv/bin/python
2024-07-13 00:32:30.563 [info] Discovered env: /sbin/python
2024-07-13 00:32:31.017 [info] Discovered env: /sbin/python3
2024-07-13 00:32:31.057 [info] Locator Conda took 5.499297ms
2024-07-13 00:32:31.063 [info] Locator Homebrew took 121.961µs
2024-07-13 00:32:31.063 [info] Locator LinuxGlobalPython took 73.294063ms
2024-07-13 00:32:31.069 [info] Locator PipEnv took 3.11µs
2024-07-13 00:32:31.084 [info] Locator Poetry took 307.145µs
2024-07-13 00:32:31.085 [info] Locator PyEnv took 431.549µs
2024-07-13 00:32:31.086 [info] Locator Venv took 287ns
2024-07-13 00:32:31.087 [info] Locator VirtualEnv took 123ns
2024-07-13 00:32:31.087 [info] Locator VirtualEnvWrapper took 2.613µs
2024-07-13 00:32:31.087 [info] Environments found using locators in 73.916209ms
2024-07-13 00:32:31.087 [info] Environments in PATH found in 144.891839ms
2024-07-13 00:32:31.088 [info] Environments in global virtual env paths found in 103.992µs
2024-07-13 00:32:31.088 [info] Environments in custom search paths found in 67.321027ms
2024-07-13 00:32:31.089 [info] Refresh completed in 144ms
2024-07-13 00:32:31.089 [info] Resolved /usr/bin/python3 in 34ms
2024-07-13 00:32:31.089 [info] Resolved /usr/bin/python in 34ms
2024-07-13 00:32:31.089 [info] Resolved /bin/python3 in 36ms
2024-07-13 00:32:31.089 [info] Resolved /bin/python in 36ms
2024-07-13 00:32:31.089 [info] Resolved /bin/python3.12 in 36ms
2024-07-13 00:32:31.089 [info] Resolved /usr/bin/python3.12 in 36ms
