2024-07-13 00:32:31.589 [info] (Client) Pylance async client (2024.7.1) started with python extension (2024.10.0)
2024-07-13 00:32:32.088 [info] [Info  - 12:32:32 AM] (1626737) Pylance language server 2024.7.1 (pyright version 1.1.369, commit 1168be71) starting
2024-07-13 00:32:32.088 [info] [Info  - 12:32:32 AM] (1626737) Server root directory: file:///home/notpineapple/.vscode/extensions/ms-python.vscode-pylance-2024.7.1/dist
2024-07-13 00:32:32.088 [info] [Info  - 12:32:32 AM] (1626737) Starting service instance "eww"
2024-07-13 00:32:32.107 [info] [Info  - 12:32:32 AM] (1626737) Setting pythonPath for service "eww": "/bin/python"
2024-07-13 00:32:32.107 [info] [Info  - 12:32:32 AM] (1626737) Setting environmentName for service "eww": "3.12.4 (global)"
2024-07-13 00:32:32.107 [info] [Info  - 12:32:32 AM] (1626737) No include entries specified; assuming /home/notpineapple/.config/eww
2024-07-13 00:32:32.108 [info] [Info  - 12:32:32 AM] (1626737) Auto-excluding **/node_modules
2024-07-13 00:32:32.108 [info] [Info  - 12:32:32 AM] (1626737) Auto-excluding **/__pycache__
2024-07-13 00:32:32.108 [info] [Info  - 12:32:32 AM] (1626737) Auto-excluding **/.*
2024-07-13 00:32:32.130 [info] [Info  - 12:32:32 AM] (1626737) Assuming Python version 3.12.4.final.0
2024-07-13 00:32:32.201 [info] [Info  - 12:32:32 AM] (1626737) Found 2 source files
2024-07-13 00:32:32.629 [info] [Info  - 12:32:32 AM] (1626737) Background analysis(1) root directory: file:///home/notpineapple/.vscode/extensions/ms-python.vscode-pylance-2024.7.1/dist
2024-07-13 00:32:32.633 [info] [Info  - 12:32:32 AM] (1626737) Background analysis(1) started
2024-07-13 01:31:01.809 [info] [Info  - 1:31:01 AM] (1626737) Starting service instance "<default>"
2024-07-13 01:31:01.827 [info] [Info  - 1:31:01 AM] (1626737) Setting pythonPath for service "<default>": "/bin/python"
2024-07-13 01:31:01.828 [info] [Info  - 1:31:01 AM] (1626737) Setting environmentName for service "<default>": "3.12.4 (global)"
2024-07-13 01:31:01.828 [info] [Info  - 1:31:01 AM] (1626737) No include entries specified; assuming /<default workspace root>
2024-07-13 01:31:01.828 [info] [Info  - 1:31:01 AM] (1626737) Auto-excluding **/node_modules
2024-07-13 01:31:01.828 [info] [Info  - 1:31:01 AM] (1626737) Auto-excluding **/__pycache__
2024-07-13 01:31:01.828 [info] [Info  - 1:31:01 AM] (1626737) Auto-excluding **/.*
2024-07-13 01:31:01.863 [info] [Info  - 1:31:01 AM] (1626737) Assuming Python version 3.12.4.final.0
2024-07-13 01:31:01.913 [info] [Error - 1:31:01 AM] (1626737) File or directory "/<default workspace root>" does not exist.
2024-07-13 01:31:01.913 [info] [Info  - 1:31:01 AM] (1626737) No source files found.
2024-07-13 01:31:02.162 [info] [Info  - 1:31:02 AM] (1626737) Indexer background runner(2) root directory: file:///home/notpineapple/.vscode/extensions/ms-python.vscode-pylance-2024.7.1/dist (index)
2024-07-13 01:31:02.162 [info] [Info  - 1:31:02 AM] (1626737) Indexing(2) started
2024-07-13 01:31:02.378 [info] [Info  - 1:31:02 AM] (1626737) Background analysis(3) root directory: file:///home/notpineapple/.vscode/extensions/ms-python.vscode-pylance-2024.7.1/dist
2024-07-13 01:31:02.381 [info] [Info  - 1:31:02 AM] (1626737) Background analysis(3) started
2024-07-13 01:31:02.649 [info] [Info  - 1:31:02 AM] (1626737) scanned(2) 54 files over 1 exec env
2024-07-13 01:31:03.154 [info] [Info  - 1:31:03 AM] (1626737) indexed(2) 33 files over 1 exec env
2024-07-13 01:31:03.173 [info] [Info  - 1:31:03 AM] (1626737) Indexing finished(2).
2024-07-13 01:41:02.190 [info] [Info  - 1:41:02 AM] Server process exited successfully
2024-07-13 01:41:02.773 [info] (Client) Pylance async client (2024.7.1) started with python extension (2024.10.0)
2024-07-13 01:41:03.225 [info] [Info  - 1:41:03 AM] (1037443) Pylance language server 2024.7.1 (pyright version 1.1.369, commit 1168be71) starting
2024-07-13 01:41:03.225 [info] [Info  - 1:41:03 AM] (1037443) Server root directory: file:///home/notpineapple/.vscode/extensions/ms-python.vscode-pylance-2024.7.1/dist
2024-07-13 01:41:03.231 [info] [Info  - 1:41:03 AM] (1037443) Starting service instance "eww"
2024-07-13 01:41:03.258 [info] [Info  - 1:41:03 AM] (1037443) Setting pythonPath for service "eww": "/bin/python"
2024-07-13 01:41:03.258 [info] [Info  - 1:41:03 AM] (1037443) Setting environmentName for service "eww": "3.12.4 (global)"
2024-07-13 01:41:03.258 [info] [Info  - 1:41:03 AM] (1037443) No include entries specified; assuming /home/notpineapple/.config/eww
2024-07-13 01:41:03.259 [info] [Info  - 1:41:03 AM] (1037443) Auto-excluding **/node_modules
2024-07-13 01:41:03.259 [info] [Info  - 1:41:03 AM] (1037443) Auto-excluding **/__pycache__
2024-07-13 01:41:03.259 [info] [Info  - 1:41:03 AM] (1037443) Auto-excluding **/.*
2024-07-13 01:41:03.283 [info] [Info  - 1:41:03 AM] (1037443) Assuming Python version 3.12.4.final.0
2024-07-13 01:41:03.334 [info] [Info  - 1:41:03 AM] (1037443) Found 2 source files
2024-07-13 01:41:03.698 [info] [Info  - 1:41:03 AM] (1037443) Background analysis(1) root directory: file:///home/notpineapple/.vscode/extensions/ms-python.vscode-pylance-2024.7.1/dist
2024-07-13 01:41:03.701 [info] [Info  - 1:41:03 AM] (1037443) Background analysis(1) started
