02:38:30 GMT+0300 (Moscow Standard Time) [INFO]: spawning binary with command: /home/notpineapple/.config/Code/User/globalStorage/tabnine.tabnine-vscode/binaries/4.177.0/x86_64-unknown-linux-musl/TabNine args: --print-version 

02:38:30 GMT+0300 (Moscow Standard Time) [INFO]: spawning binary with command: /home/notpineapple/.config/Code/User/globalStorage/tabnine.tabnine-vscode/binaries/4.177.0/x86_64-unknown-linux-musl/TabNine args: --tls_config insecure=false --no-lsp=true --client=vscode --client-metadata clientVersion=1.91.1 pluginVersion=3.126.0 t9-vscode-AutoImportEnabled=true t9-vscode-TSAutoImportEnabled=true t9-vscode-JSAutoImportEnabled=true vscode-telemetry-enabled=true vscode-remote=false vscode-extension-kind=1 vscode-theme-name=Prplkai vscode-theme-kind=Dark vscode-machine-id=adc72cd601e8ed78dc228e186a8f563bf121fa61d47c8104b1d1695374bac0ed vscode-is-new-app-install=true vscode-session-id=fd6a743b-02eb-4e04-ae08-254faa3cd2d21720740782905 vscode-language=en vscode-app-name=Visual Studio Code vscode-beta-channel-enabled=false vscode-status-customization=unknown vscode-inline-api-enabled=true vscode-code-lens-enabled=true vscode-found-intellicode=false ide-restart-counter=0 

02:38:30 GMT+0300 (Moscow Standard Time) [DEBUG]: capabilities resolved immediately 

02:38:32 GMT+0300 (Moscow Standard Time) [ERROR]: validating /home/notpineapple/.config/Code/User/globalStorage/tabnine.tabnine-vscode/binaries/4.177.0/x86_64-unknown-linux-musl/TabNine timeout 

02:38:33 GMT+0300 (Moscow Standard Time) [DEBUG]: Updating root paths for project unknown: [] 

02:39:03 GMT+0300 (Moscow Standard Time) [DEBUG]: Updating root paths for project unknown: [] 

02:39:33 GMT+0300 (Moscow Standard Time) [DEBUG]: Updating root paths for project unknown: [] 

02:40:03 GMT+0300 (Moscow Standard Time) [DEBUG]: Updating root paths for project unknown: [] 

02:40:33 GMT+0300 (Moscow Standard Time) [DEBUG]: Updating root paths for project unknown: [] 

02:41:03 GMT+0300 (Moscow Standard Time) [DEBUG]: Updating root paths for project unknown: [] 

02:41:33 GMT+0300 (Moscow Standard Time) [DEBUG]: Updating root paths for project unknown: [] 

02:42:04 GMT+0300 (Moscow Standard Time) [DEBUG]: Updating root paths for project unknown: [] 

02:42:34 GMT+0300 (Moscow Standard Time) [DEBUG]: Updating root paths for project unknown: [] 

02:43:04 GMT+0300 (Moscow Standard Time) [DEBUG]: Updating root paths for project unknown: [] 

02:43:34 GMT+0300 (Moscow Standard Time) [DEBUG]: Updating root paths for project unknown: [] 

02:44:04 GMT+0300 (Moscow Standard Time) [DEBUG]: Updating root paths for project unknown: [] 

02:44:34 GMT+0300 (Moscow Standard Time) [DEBUG]: Updating root paths for project unknown: [] 

02:45:04 GMT+0300 (Moscow Standard Time) [DEBUG]: Updating root paths for project unknown: [] 

02:45:34 GMT+0300 (Moscow Standard Time) [DEBUG]: Updating root paths for project unknown: [] 

02:46:04 GMT+0300 (Moscow Standard Time) [DEBUG]: Updating root paths for project unknown: [] 

02:46:34 GMT+0300 (Moscow Standard Time) [DEBUG]: Updating root paths for project unknown: [] 

02:47:04 GMT+0300 (Moscow Standard Time) [DEBUG]: Updating root paths for project unknown: [] 

02:47:34 GMT+0300 (Moscow Standard Time) [DEBUG]: Updating root paths for project unknown: [] 

02:48:04 GMT+0300 (Moscow Standard Time) [DEBUG]: Updating root paths for project unknown: [] 

02:48:34 GMT+0300 (Moscow Standard Time) [DEBUG]: Updating root paths for project unknown: [] 

02:49:04 GMT+0300 (Moscow Standard Time) [DEBUG]: Updating root paths for project unknown: [] 

02:49:34 GMT+0300 (Moscow Standard Time) [DEBUG]: Updating root paths for project unknown: [] 

02:50:04 GMT+0300 (Moscow Standard Time) [DEBUG]: Updating root paths for project unknown: [] 

02:50:34 GMT+0300 (Moscow Standard Time) [DEBUG]: Updating root paths for project unknown: [] 

02:51:04 GMT+0300 (Moscow Standard Time) [DEBUG]: Updating root paths for project unknown: [] 

02:51:34 GMT+0300 (Moscow Standard Time) [DEBUG]: Updating root paths for project unknown: [] 

02:52:04 GMT+0300 (Moscow Standard Time) [DEBUG]: Updating root paths for project unknown: [] 

02:52:34 GMT+0300 (Moscow Standard Time) [DEBUG]: Updating root paths for project unknown: [] 

02:53:04 GMT+0300 (Moscow Standard Time) [DEBUG]: Updating root paths for project unknown: [] 

02:53:34 GMT+0300 (Moscow Standard Time) [DEBUG]: Updating root paths for project unknown: [] 

02:54:04 GMT+0300 (Moscow Standard Time) [DEBUG]: Updating root paths for project unknown: [] 

02:54:34 GMT+0300 (Moscow Standard Time) [DEBUG]: Updating root paths for project unknown: [] 

02:55:04 GMT+0300 (Moscow Standard Time) [DEBUG]: Updating root paths for project unknown: [] 

02:55:34 GMT+0300 (Moscow Standard Time) [DEBUG]: Updating root paths for project unknown: [] 

02:56:04 GMT+0300 (Moscow Standard Time) [DEBUG]: Updating root paths for project unknown: [] 

02:56:34 GMT+0300 (Moscow Standard Time) [DEBUG]: Updating root paths for project unknown: [] 

02:57:04 GMT+0300 (Moscow Standard Time) [DEBUG]: Updating root paths for project unknown: [] 

02:57:21 GMT+0300 (Moscow Standard Time) [WARN]: assistant is closing 

