2024-07-12 03:03:08.185 [info] Extension host with pid 456168 started
2024-07-12 03:03:08.335 [info] ExtensionService#_doActivateExtension vscode.emmet, startup: false, activationEvent: 'onLanguage'
2024-07-12 03:03:08.417 [info] ExtensionService#_doActivateExtension eww-yuck.yuck, startup: false, activationEvent: 'onLanguage:yuck'
2024-07-12 03:03:08.533 [info] ExtensionService#_doActivateExtension vscode.git-base, startup: true, activationEvent: '*', root cause: vscode.git
2024-07-12 03:03:08.535 [info] ExtensionService#_doActivateExtension Yunduo.color-highlight-css-color-4, startup: true, activationEvent: '*'
2024-07-12 03:03:08.560 [info] ExtensionService#_doActivateExtension vscode.git, startup: true, activationEvent: '*'
2024-07-12 03:03:08.580 [info] ExtensionService#_doActivateExtension vscode.github, startup: true, activationEvent: '*'
2024-07-12 03:03:08.627 [info] Eager extensions activated
2024-07-12 03:03:08.704 [info] ExtensionService#_doActivateExtension vscode.debug-auto-launch, startup: false, activationEvent: 'onStartupFinished'
2024-07-12 03:03:08.705 [info] ExtensionService#_doActivateExtension vscode.merge-conflict, startup: false, activationEvent: 'onStartupFinished'
2024-07-12 03:03:08.712 [info] ExtensionService#_doActivateExtension Katsute.code-background, startup: false, activationEvent: 'onStartupFinished'
2024-07-12 03:03:08.720 [info] ExtensionService#_doActivateExtension PKief.material-icon-theme, startup: false, activationEvent: 'onStartupFinished'
2024-07-12 03:03:08.728 [info] ExtensionService#_doActivateExtension RichardLuo.frosted-glass-theme, startup: false, activationEvent: 'onStartupFinished'
2024-07-12 03:03:08.730 [info] ExtensionService#_doActivateExtension TabNine.tabnine-vscode, startup: false, activationEvent: 'onStartupFinished'
2024-07-12 03:03:09.029 [info] ExtensionService#_doActivateExtension vscode.configuration-editing, startup: false, activationEvent: 'onLanguage:jsonc'
2024-07-12 03:03:09.032 [info] ExtensionService#_doActivateExtension vscode.json-language-features, startup: false, activationEvent: 'onLanguage:jsonc'
2024-07-12 03:03:09.047 [info] ExtensionService#_doActivateExtension vscode.typescript-language-features, startup: false, activationEvent: 'onLanguage:jsonc'
2024-07-12 03:06:15.343 [info] Extension host terminating: renderer closed the MessagePort
2024-07-12 03:06:15.365 [error] Error: Channel has been closed
	at f (/opt/visual-studio-code/resources/app/out/vs/workbench/api/node/extensionHostProcess.js:157:2490)
	at Object.appendLine (/opt/visual-studio-code/resources/app/out/vs/workbench/api/node/extensionHostProcess.js:157:2608)
	at Object.log (/home/notpineapple/.vscode/extensions/tabnine.tabnine-vscode-3.126.0/out/extension.js:17:168663)
	at Object.error (/home/notpineapple/.vscode/extensions/tabnine.tabnine-vscode-3.126.0/out/extension.js:17:169007)
	at t.default.request (/home/notpineapple/.vscode/extensions/tabnine.tabnine-vscode-3.126.0/out/extension.js:17:39259)
	at process.processTicksAndRejections (node:internal/process/task_queues:95:5)
	at async Promise.all (index 13)
	at async m.$ (/opt/visual-studio-code/resources/app/out/vs/workbench/api/node/extensionHostProcess.js:160:7930)
2024-07-12 03:06:15.366 [error] Canceled: Canceled
	at new I (/opt/visual-studio-code/resources/app/out/vs/workbench/api/node/extensionHostProcess.js:144:34990)
	at S.U (/opt/visual-studio-code/resources/app/out/vs/workbench/api/node/extensionHostProcess.js:151:6023)
	at z.<computed>.F.charCodeAt.T.CharCode.DollarSign.z.<computed> (/opt/visual-studio-code/resources/app/out/vs/workbench/api/node/extensionHostProcess.js:151:3107)
	at f.g (/opt/visual-studio-code/resources/app/out/vs/workbench/api/node/extensionHostProcess.js:154:203861)
	at f.executeCommand (/opt/visual-studio-code/resources/app/out/vs/workbench/api/node/extensionHostProcess.js:154:203299)
	at A.registerCommand.description (/opt/visual-studio-code/resources/app/out/vs/workbench/api/node/extensionHostProcess.js:154:202623)
	at f.h (/opt/visual-studio-code/resources/app/out/vs/workbench/api/node/extensionHostProcess.js:154:204400)
	at f.g (/opt/visual-studio-code/resources/app/out/vs/workbench/api/node/extensionHostProcess.js:154:203392)
	at f.executeCommand (/opt/visual-studio-code/resources/app/out/vs/workbench/api/node/extensionHostProcess.js:154:203299)
	at Object.executeCommand (/opt/visual-studio-code/resources/app/out/vs/workbench/api/node/extensionHostProcess.js:164:23051)
	at Object.dispose (/home/notpineapple/.vscode/extensions/tabnine.tabnine-vscode-3.126.0/out/extension.js:17:99856)
	at c.<anonymous> (/opt/visual-studio-code/resources/app/out/vs/workbench/api/node/extensionHostProcess.js:152:4048)
	at c.dispose (/opt/visual-studio-code/resources/app/out/vs/workbench/api/node/extensionHostProcess.js:152:4145)
	at c.<anonymous> (/opt/visual-studio-code/resources/app/out/vs/workbench/api/node/extensionHostProcess.js:152:4048)
	at c.dispose (/opt/visual-studio-code/resources/app/out/vs/workbench/api/node/extensionHostProcess.js:152:4145)
	at /home/notpineapple/.vscode/extensions/tabnine.tabnine-vscode-3.126.0/out/extension.js:17:38130
	at Array.forEach (<anonymous>)
	at h (/home/notpineapple/.vscode/extensions/tabnine.tabnine-vscode-3.126.0/out/extension.js:17:38115)
	at Object.dispose (/home/notpineapple/.vscode/extensions/tabnine.tabnine-vscode-3.126.0/out/extension.js:17:37501)
	at d (/opt/visual-studio-code/resources/app/out/vs/workbench/api/node/extensionHostProcess.js:30:744)
	at m.eb (/opt/visual-studio-code/resources/app/out/vs/workbench/api/node/extensionHostProcess.js:160:10039)
	at /opt/visual-studio-code/resources/app/out/vs/workbench/api/node/extensionHostProcess.js:160:7915
	at Array.map (<anonymous>)
	at m.$ (/opt/visual-studio-code/resources/app/out/vs/workbench/api/node/extensionHostProcess.js:160:7902)
	at m.terminate (/opt/visual-studio-code/resources/app/out/vs/workbench/api/node/extensionHostProcess.js:160:8175)
	at d.terminate (/opt/visual-studio-code/resources/app/out/vs/workbench/api/node/extensionHostProcess.js:164:1513)
	at i (/opt/visual-studio-code/resources/app/out/vs/workbench/api/node/extensionHostProcess.js:177:10617)
	at MessagePortMain.<anonymous> (/opt/visual-studio-code/resources/app/out/vs/workbench/api/node/extensionHostProcess.js:177:6809)
	at MessagePortMain.emit (node:events:514:28)
	at MessagePortMain._internalPort.emit (node:electron/js2c/utility_init:2:2285) setContext undefined
2024-07-12 03:06:15.367 [info] Extension host with pid 456168 exiting with code 0
2024-07-12 03:06:16.663 [info] Extension host with pid 645899 started
2024-07-12 03:06:16.663 [info] Skipping acquiring lock for /home/notpineapple/.config/Code/User/workspaceStorage/1ced654a5551433c67792edfd9358260.
2024-07-12 03:06:16.817 [info] ExtensionService#_doActivateExtension vscode.git-base, startup: true, activationEvent: '*', root cause: vscode.git
2024-07-12 03:06:16.820 [info] ExtensionService#_doActivateExtension Yunduo.color-highlight-css-color-4, startup: true, activationEvent: '*'
2024-07-12 03:06:16.891 [info] ExtensionService#_doActivateExtension vscode.git, startup: true, activationEvent: '*'
2024-07-12 03:06:16.912 [info] ExtensionService#_doActivateExtension vscode.github, startup: true, activationEvent: '*'
2024-07-12 03:06:16.965 [info] Eager extensions activated
2024-07-12 03:06:17.037 [info] ExtensionService#_doActivateExtension vscode.debug-auto-launch, startup: false, activationEvent: 'onStartupFinished'
2024-07-12 03:06:17.038 [info] ExtensionService#_doActivateExtension vscode.merge-conflict, startup: false, activationEvent: 'onStartupFinished'
2024-07-12 03:06:17.044 [info] ExtensionService#_doActivateExtension Katsute.code-background, startup: false, activationEvent: 'onStartupFinished'
2024-07-12 03:06:17.051 [info] ExtensionService#_doActivateExtension PKief.material-icon-theme, startup: false, activationEvent: 'onStartupFinished'
2024-07-12 03:06:17.061 [info] ExtensionService#_doActivateExtension RichardLuo.frosted-glass-theme, startup: false, activationEvent: 'onStartupFinished'
2024-07-12 03:06:17.063 [info] ExtensionService#_doActivateExtension TabNine.tabnine-vscode, startup: false, activationEvent: 'onStartupFinished'
2024-07-12 03:06:17.367 [info] ExtensionService#_doActivateExtension vscode.configuration-editing, startup: false, activationEvent: 'onLanguage:jsonc'
2024-07-12 03:06:17.370 [info] ExtensionService#_doActivateExtension vscode.json-language-features, startup: false, activationEvent: 'onLanguage:jsonc'
2024-07-12 03:06:17.386 [info] ExtensionService#_doActivateExtension vscode.typescript-language-features, startup: false, activationEvent: 'onLanguage:jsonc'
2024-07-12 03:06:17.415 [info] ExtensionService#_doActivateExtension vscode.emmet, startup: false, activationEvent: 'onLanguage'
2024-07-12 03:06:20.986 [info] ExtensionService#_doActivateExtension eww-yuck.yuck, startup: false, activationEvent: 'onLanguage:yuck'
2024-07-12 03:20:55.133 [info] ExtensionService#_doActivateExtension VisualStudioExptTeam.intellicode-api-usage-examples, startup: false, activationEvent: 'onLanguage:python'
2024-07-12 03:20:55.260 [info] ExtensionService#_doActivateExtension VisualStudioExptTeam.vscodeintellicode, startup: false, activationEvent: 'onLanguage:python'
2024-07-12 03:21:09.328 [info] ExtensionService#_doActivateExtension ms-python.python, startup: false, activationEvent: 'onLanguage:python', root cause: ms-python.debugpy
2024-07-12 03:21:09.963 [info] ExtensionService#_doActivateExtension ms-python.debugpy, startup: false, activationEvent: 'onLanguage:python'
2024-07-12 03:21:10.021 [info] ExtensionService#_doActivateExtension ms-python.vscode-pylance, startup: false, activationEvent: 'onLanguage:python'
2024-07-12 03:22:15.536 [info] ExtensionService#_doActivateExtension vscode.npm, startup: false, activationEvent: 'onTerminalQuickFixRequest:ms-vscode.npm-command'
