2024-07-12 02:13:44.529 [info] Added views:workbench.panel.markers.view in workbench.panel.markers
2024-07-12 02:13:44.529 [info] Added views:workbench.panel.output in workbench.panel.output
2024-07-12 02:13:44.529 [info] Added views:terminal in terminal
2024-07-12 02:13:44.529 [info] Added views:outline in workbench.view.explorer
2024-07-12 02:13:44.529 [info] Added views:workbench.scm in workbench.view.scm
2024-07-12 02:13:44.529 [info] Added views:workbench.view.search in workbench.view.search
2024-07-12 02:13:44.529 [info] Added views:timeline in workbench.view.explorer
2024-07-12 02:13:44.529 [info] Added views:workbench.explorer.emptyView in workbench.view.explorer
2024-07-12 02:13:44.635 [info] Added views:workbench.debug.variablesView,workbench.debug.watchExpressionsView,workbench.debug.callStackView,workbench.debug.breakPointsView in workbench.view.debug
2024-07-12 02:13:45.071 [info] Added views:workbench.panel.repl.view in workbench.panel.repl
2024-07-12 02:13:45.071 [info] Removed views:workbench.debug.breakPointsView,workbench.debug.callStackView,workbench.debug.watchExpressionsView,workbench.debug.variablesView from workbench.view.debug
2024-07-12 02:13:45.072 [info] Added views:workbench.debug.welcome in workbench.view.debug
2024-07-12 02:13:45.330 [info] Added views:~remote.forwardedPorts in ~remote.forwardedPortsContainer
2024-07-12 02:14:16.928 [info] Added views:workbench.views.extensions.installed,workbench.views.extensions.popular,extensions.recommendedList in workbench.view.extensions
2024-07-12 02:14:16.929 [info] Removed views:workbench.views.extensions.popular from workbench.view.extensions
2024-07-12 02:14:17.019 [info] Added views:workbench.views.extensions.popular in workbench.view.extensions
2024-07-12 02:14:23.760 [info] Removed views:extensions.recommendedList,workbench.views.extensions.popular,workbench.views.extensions.installed from workbench.view.extensions
2024-07-12 02:14:23.768 [info] Added views:workbench.views.extensions.marketplace in workbench.view.extensions
2024-07-12 02:14:27.487 [info] Removed views:workbench.views.extensions.marketplace from workbench.view.extensions
2024-07-12 02:14:27.502 [info] Added views:workbench.views.extensions.installed,workbench.views.extensions.popular,extensions.recommendedList in workbench.view.extensions
2024-07-12 02:14:35.199 [info] Removed views:extensions.recommendedList,workbench.views.extensions.popular,workbench.views.extensions.installed from workbench.view.extensions
2024-07-12 02:14:35.204 [info] Added views:workbench.views.extensions.marketplace in workbench.view.extensions
2024-07-12 02:14:54.499 [info] Removed views:workbench.views.extensions.marketplace from workbench.view.extensions
2024-07-12 02:14:54.510 [info] Added views:workbench.views.extensions.installed,workbench.views.extensions.popular,extensions.recommendedList in workbench.view.extensions
2024-07-12 02:14:55.265 [info] Removed views:extensions.recommendedList,workbench.views.extensions.popular,workbench.views.extensions.installed from workbench.view.extensions
2024-07-12 02:14:55.269 [info] Added views:workbench.views.extensions.marketplace in workbench.view.extensions
2024-07-12 02:15:02.060 [info] Removed views:workbench.views.extensions.marketplace from workbench.view.extensions
2024-07-12 02:15:02.073 [info] Added views:workbench.views.extensions.installed,workbench.views.extensions.popular,extensions.recommendedList in workbench.view.extensions
2024-07-12 02:16:17.090 [info] Removed views:extensions.recommendedList,workbench.views.extensions.popular,workbench.views.extensions.installed from workbench.view.extensions
2024-07-12 02:16:17.096 [info] Added views:workbench.views.extensions.marketplace in workbench.view.extensions
2024-07-12 02:16:26.269 [info] Removed views:workbench.views.extensions.marketplace from workbench.view.extensions
2024-07-12 02:16:26.280 [info] Added views:workbench.views.extensions.installed,workbench.views.extensions.popular,extensions.recommendedList in workbench.view.extensions
