00:32:30 GMT+0300 (Moscow Standard Time) [INFO]: spawning binary with command: /home/notpineapple/.config/Code/User/globalStorage/tabnine.tabnine-vscode/binaries/4.177.0/x86_64-unknown-linux-musl/TabNine args: --print-version 

00:32:31 GMT+0300 (Moscow Standard Time) [INFO]: spawning binary with command: /home/notpineapple/.config/Code/User/globalStorage/tabnine.tabnine-vscode/binaries/4.177.0/x86_64-unknown-linux-musl/TabNine args: --tls_config insecure=false --no-lsp=true --client=vscode --client-metadata clientVersion=1.91.1 pluginVersion=3.126.0 t9-vscode-AutoImportEnabled=true t9-vscode-TSAutoImportEnabled=true t9-vscode-JSAutoImportEnabled=true vscode-telemetry-enabled=true vscode-remote=false vscode-extension-kind=1 vscode-theme-name=Prplkai vscode-theme-kind=Dark vscode-machine-id=adc72cd601e8ed78dc228e186a8f563bf121fa61d47c8104b1d1695374bac0ed vscode-is-new-app-install=true vscode-session-id=6314f56d-8903-4748-a4ee-d4654db0d00c1720819948977 vscode-language=en vscode-app-name=Visual Studio Code vscode-beta-channel-enabled=false vscode-status-customization=unknown vscode-inline-api-enabled=true vscode-code-lens-enabled=true vscode-found-intellicode=false ide-restart-counter=0 

00:32:31 GMT+0300 (Moscow Standard Time) [DEBUG]: capabilities resolved immediately 

00:32:32 GMT+0300 (Moscow Standard Time) [ERROR]: validating /home/notpineapple/.config/Code/User/globalStorage/tabnine.tabnine-vscode/binaries/4.177.0/x86_64-unknown-linux-musl/TabNine timeout 

00:32:34 GMT+0300 (Moscow Standard Time) [DEBUG]: Updating root paths for project eww: ["/home/notpineapple/.config/eww"] 

00:33:04 GMT+0300 (Moscow Standard Time) [DEBUG]: Updating root paths for project eww: ["/home/notpineapple/.config/eww"] 

00:33:34 GMT+0300 (Moscow Standard Time) [DEBUG]: Updating root paths for project eww: ["/home/notpineapple/.config/eww"] 

00:34:04 GMT+0300 (Moscow Standard Time) [DEBUG]: Updating root paths for project eww: ["/home/notpineapple/.config/eww"] 

00:34:34 GMT+0300 (Moscow Standard Time) [DEBUG]: Updating root paths for project eww: ["/home/notpineapple/.config/eww"] 

00:35:04 GMT+0300 (Moscow Standard Time) [DEBUG]: Updating root paths for project eww: ["/home/notpineapple/.config/eww"] 

00:35:34 GMT+0300 (Moscow Standard Time) [DEBUG]: Updating root paths for project eww: ["/home/notpineapple/.config/eww"] 

00:36:04 GMT+0300 (Moscow Standard Time) [DEBUG]: Updating root paths for project eww: ["/home/notpineapple/.config/eww"] 

00:36:34 GMT+0300 (Moscow Standard Time) [DEBUG]: Updating root paths for project eww: ["/home/notpineapple/.config/eww"] 

00:37:04 GMT+0300 (Moscow Standard Time) [DEBUG]: Updating root paths for project eww: ["/home/notpineapple/.config/eww"] 

00:37:34 GMT+0300 (Moscow Standard Time) [DEBUG]: Updating root paths for project eww: ["/home/notpineapple/.config/eww"] 

00:38:04 GMT+0300 (Moscow Standard Time) [DEBUG]: Updating root paths for project eww: ["/home/notpineapple/.config/eww"] 

00:38:34 GMT+0300 (Moscow Standard Time) [DEBUG]: Updating root paths for project eww: ["/home/notpineapple/.config/eww"] 

00:39:04 GMT+0300 (Moscow Standard Time) [DEBUG]: Updating root paths for project eww: ["/home/notpineapple/.config/eww"] 

00:39:34 GMT+0300 (Moscow Standard Time) [DEBUG]: Updating root paths for project eww: ["/home/notpineapple/.config/eww"] 

00:40:04 GMT+0300 (Moscow Standard Time) [DEBUG]: Updating root paths for project eww: ["/home/notpineapple/.config/eww"] 

00:40:34 GMT+0300 (Moscow Standard Time) [DEBUG]: Updating root paths for project eww: ["/home/notpineapple/.config/eww"] 

00:41:04 GMT+0300 (Moscow Standard Time) [DEBUG]: Updating root paths for project eww: ["/home/notpineapple/.config/eww"] 

00:41:34 GMT+0300 (Moscow Standard Time) [DEBUG]: Updating root paths for project eww: ["/home/notpineapple/.config/eww"] 

00:42:04 GMT+0300 (Moscow Standard Time) [DEBUG]: Updating root paths for project eww: ["/home/notpineapple/.config/eww"] 

00:42:34 GMT+0300 (Moscow Standard Time) [DEBUG]: Updating root paths for project eww: ["/home/notpineapple/.config/eww"] 

00:43:04 GMT+0300 (Moscow Standard Time) [DEBUG]: Updating root paths for project eww: ["/home/notpineapple/.config/eww"] 

00:43:34 GMT+0300 (Moscow Standard Time) [DEBUG]: Updating root paths for project eww: ["/home/notpineapple/.config/eww"] 

00:44:04 GMT+0300 (Moscow Standard Time) [DEBUG]: Updating root paths for project eww: ["/home/notpineapple/.config/eww"] 

00:44:34 GMT+0300 (Moscow Standard Time) [DEBUG]: Updating root paths for project eww: ["/home/notpineapple/.config/eww"] 

00:45:04 GMT+0300 (Moscow Standard Time) [DEBUG]: Updating root paths for project eww: ["/home/notpineapple/.config/eww"] 

00:45:34 GMT+0300 (Moscow Standard Time) [DEBUG]: Updating root paths for project eww: ["/home/notpineapple/.config/eww"] 

00:46:04 GMT+0300 (Moscow Standard Time) [DEBUG]: Updating root paths for project eww: ["/home/notpineapple/.config/eww"] 

00:46:34 GMT+0300 (Moscow Standard Time) [DEBUG]: Updating root paths for project eww: ["/home/notpineapple/.config/eww"] 

00:47:04 GMT+0300 (Moscow Standard Time) [DEBUG]: Updating root paths for project eww: ["/home/notpineapple/.config/eww"] 

00:47:34 GMT+0300 (Moscow Standard Time) [DEBUG]: Updating root paths for project eww: ["/home/notpineapple/.config/eww"] 

00:48:04 GMT+0300 (Moscow Standard Time) [DEBUG]: Updating root paths for project eww: ["/home/notpineapple/.config/eww"] 

00:48:34 GMT+0300 (Moscow Standard Time) [DEBUG]: Updating root paths for project eww: ["/home/notpineapple/.config/eww"] 

00:49:04 GMT+0300 (Moscow Standard Time) [DEBUG]: Updating root paths for project eww: ["/home/notpineapple/.config/eww"] 

00:49:34 GMT+0300 (Moscow Standard Time) [DEBUG]: Updating root paths for project eww: ["/home/notpineapple/.config/eww"] 

00:50:04 GMT+0300 (Moscow Standard Time) [DEBUG]: Updating root paths for project eww: ["/home/notpineapple/.config/eww"] 

00:50:34 GMT+0300 (Moscow Standard Time) [DEBUG]: Updating root paths for project eww: ["/home/notpineapple/.config/eww"] 

00:51:04 GMT+0300 (Moscow Standard Time) [DEBUG]: Updating root paths for project eww: ["/home/notpineapple/.config/eww"] 

00:51:34 GMT+0300 (Moscow Standard Time) [DEBUG]: Updating root paths for project eww: ["/home/notpineapple/.config/eww"] 

00:52:04 GMT+0300 (Moscow Standard Time) [DEBUG]: Updating root paths for project eww: ["/home/notpineapple/.config/eww"] 

00:52:34 GMT+0300 (Moscow Standard Time) [DEBUG]: Updating root paths for project eww: ["/home/notpineapple/.config/eww"] 

00:53:04 GMT+0300 (Moscow Standard Time) [DEBUG]: Updating root paths for project eww: ["/home/notpineapple/.config/eww"] 

00:53:34 GMT+0300 (Moscow Standard Time) [DEBUG]: Updating root paths for project eww: ["/home/notpineapple/.config/eww"] 

00:54:04 GMT+0300 (Moscow Standard Time) [DEBUG]: Updating root paths for project eww: ["/home/notpineapple/.config/eww"] 

00:54:34 GMT+0300 (Moscow Standard Time) [DEBUG]: Updating root paths for project eww: ["/home/notpineapple/.config/eww"] 

00:55:04 GMT+0300 (Moscow Standard Time) [DEBUG]: Updating root paths for project eww: ["/home/notpineapple/.config/eww"] 

00:55:34 GMT+0300 (Moscow Standard Time) [DEBUG]: Updating root paths for project eww: ["/home/notpineapple/.config/eww"] 

00:56:04 GMT+0300 (Moscow Standard Time) [DEBUG]: Updating root paths for project eww: ["/home/notpineapple/.config/eww"] 

00:56:34 GMT+0300 (Moscow Standard Time) [DEBUG]: Updating root paths for project eww: ["/home/notpineapple/.config/eww"] 

00:57:04 GMT+0300 (Moscow Standard Time) [DEBUG]: Updating root paths for project eww: ["/home/notpineapple/.config/eww"] 

00:57:34 GMT+0300 (Moscow Standard Time) [DEBUG]: Updating root paths for project eww: ["/home/notpineapple/.config/eww"] 

00:58:04 GMT+0300 (Moscow Standard Time) [DEBUG]: Updating root paths for project eww: ["/home/notpineapple/.config/eww"] 

00:58:34 GMT+0300 (Moscow Standard Time) [DEBUG]: Updating root paths for project eww: ["/home/notpineapple/.config/eww"] 

00:59:04 GMT+0300 (Moscow Standard Time) [DEBUG]: Updating root paths for project eww: ["/home/notpineapple/.config/eww"] 

00:59:34 GMT+0300 (Moscow Standard Time) [DEBUG]: Updating root paths for project eww: ["/home/notpineapple/.config/eww"] 

01:00:04 GMT+0300 (Moscow Standard Time) [DEBUG]: Updating root paths for project eww: ["/home/notpineapple/.config/eww"] 

01:00:34 GMT+0300 (Moscow Standard Time) [DEBUG]: Updating root paths for project eww: ["/home/notpineapple/.config/eww"] 

01:01:04 GMT+0300 (Moscow Standard Time) [DEBUG]: Updating root paths for project eww: ["/home/notpineapple/.config/eww"] 

01:01:34 GMT+0300 (Moscow Standard Time) [DEBUG]: Updating root paths for project eww: ["/home/notpineapple/.config/eww"] 

01:02:04 GMT+0300 (Moscow Standard Time) [DEBUG]: Updating root paths for project eww: ["/home/notpineapple/.config/eww"] 

01:02:34 GMT+0300 (Moscow Standard Time) [DEBUG]: Updating root paths for project eww: ["/home/notpineapple/.config/eww"] 

01:03:04 GMT+0300 (Moscow Standard Time) [DEBUG]: Updating root paths for project eww: ["/home/notpineapple/.config/eww"] 

01:03:34 GMT+0300 (Moscow Standard Time) [DEBUG]: Updating root paths for project eww: ["/home/notpineapple/.config/eww"] 

01:04:04 GMT+0300 (Moscow Standard Time) [DEBUG]: Updating root paths for project eww: ["/home/notpineapple/.config/eww"] 

01:04:34 GMT+0300 (Moscow Standard Time) [DEBUG]: Updating root paths for project eww: ["/home/notpineapple/.config/eww"] 

01:05:04 GMT+0300 (Moscow Standard Time) [DEBUG]: Updating root paths for project eww: ["/home/notpineapple/.config/eww"] 

01:05:34 GMT+0300 (Moscow Standard Time) [DEBUG]: Updating root paths for project eww: ["/home/notpineapple/.config/eww"] 

01:06:04 GMT+0300 (Moscow Standard Time) [DEBUG]: Updating root paths for project eww: ["/home/notpineapple/.config/eww"] 

01:06:34 GMT+0300 (Moscow Standard Time) [DEBUG]: Updating root paths for project eww: ["/home/notpineapple/.config/eww"] 

01:07:04 GMT+0300 (Moscow Standard Time) [DEBUG]: Updating root paths for project eww: ["/home/notpineapple/.config/eww"] 

01:07:34 GMT+0300 (Moscow Standard Time) [DEBUG]: Updating root paths for project eww: ["/home/notpineapple/.config/eww"] 

01:08:04 GMT+0300 (Moscow Standard Time) [DEBUG]: Updating root paths for project eww: ["/home/notpineapple/.config/eww"] 

01:08:34 GMT+0300 (Moscow Standard Time) [DEBUG]: Updating root paths for project eww: ["/home/notpineapple/.config/eww"] 

01:09:04 GMT+0300 (Moscow Standard Time) [DEBUG]: Updating root paths for project eww: ["/home/notpineapple/.config/eww"] 

01:09:34 GMT+0300 (Moscow Standard Time) [DEBUG]: Updating root paths for project eww: ["/home/notpineapple/.config/eww"] 

01:10:04 GMT+0300 (Moscow Standard Time) [DEBUG]: Updating root paths for project eww: ["/home/notpineapple/.config/eww"] 

01:10:34 GMT+0300 (Moscow Standard Time) [DEBUG]: Updating root paths for project eww: ["/home/notpineapple/.config/eww"] 

01:11:04 GMT+0300 (Moscow Standard Time) [DEBUG]: Updating root paths for project eww: ["/home/notpineapple/.config/eww"] 

01:11:34 GMT+0300 (Moscow Standard Time) [DEBUG]: Updating root paths for project eww: ["/home/notpineapple/.config/eww"] 

01:12:04 GMT+0300 (Moscow Standard Time) [DEBUG]: Updating root paths for project eww: ["/home/notpineapple/.config/eww"] 

01:12:34 GMT+0300 (Moscow Standard Time) [DEBUG]: Updating root paths for project eww: ["/home/notpineapple/.config/eww"] 

01:13:04 GMT+0300 (Moscow Standard Time) [DEBUG]: Updating root paths for project eww: ["/home/notpineapple/.config/eww"] 

01:13:34 GMT+0300 (Moscow Standard Time) [DEBUG]: Updating root paths for project eww: ["/home/notpineapple/.config/eww"] 

01:14:04 GMT+0300 (Moscow Standard Time) [DEBUG]: Updating root paths for project eww: ["/home/notpineapple/.config/eww"] 

01:14:34 GMT+0300 (Moscow Standard Time) [DEBUG]: Updating root paths for project eww: ["/home/notpineapple/.config/eww"] 

01:15:04 GMT+0300 (Moscow Standard Time) [DEBUG]: Updating root paths for project eww: ["/home/notpineapple/.config/eww"] 

01:15:34 GMT+0300 (Moscow Standard Time) [DEBUG]: Updating root paths for project eww: ["/home/notpineapple/.config/eww"] 

01:16:04 GMT+0300 (Moscow Standard Time) [DEBUG]: Updating root paths for project eww: ["/home/notpineapple/.config/eww"] 

01:16:34 GMT+0300 (Moscow Standard Time) [DEBUG]: Updating root paths for project eww: ["/home/notpineapple/.config/eww"] 

01:17:04 GMT+0300 (Moscow Standard Time) [DEBUG]: Updating root paths for project eww: ["/home/notpineapple/.config/eww"] 

01:17:34 GMT+0300 (Moscow Standard Time) [DEBUG]: Updating root paths for project eww: ["/home/notpineapple/.config/eww"] 

01:18:04 GMT+0300 (Moscow Standard Time) [DEBUG]: Updating root paths for project eww: ["/home/notpineapple/.config/eww"] 

01:18:34 GMT+0300 (Moscow Standard Time) [DEBUG]: Updating root paths for project eww: ["/home/notpineapple/.config/eww"] 

01:19:04 GMT+0300 (Moscow Standard Time) [DEBUG]: Updating root paths for project eww: ["/home/notpineapple/.config/eww"] 

01:19:34 GMT+0300 (Moscow Standard Time) [DEBUG]: Updating root paths for project eww: ["/home/notpineapple/.config/eww"] 

01:20:04 GMT+0300 (Moscow Standard Time) [DEBUG]: Updating root paths for project eww: ["/home/notpineapple/.config/eww"] 

01:20:34 GMT+0300 (Moscow Standard Time) [DEBUG]: Updating root paths for project eww: ["/home/notpineapple/.config/eww"] 

01:21:04 GMT+0300 (Moscow Standard Time) [DEBUG]: Updating root paths for project eww: ["/home/notpineapple/.config/eww"] 

01:21:34 GMT+0300 (Moscow Standard Time) [DEBUG]: Updating root paths for project eww: ["/home/notpineapple/.config/eww"] 

01:22:04 GMT+0300 (Moscow Standard Time) [DEBUG]: Updating root paths for project eww: ["/home/notpineapple/.config/eww"] 

01:22:34 GMT+0300 (Moscow Standard Time) [DEBUG]: Updating root paths for project eww: ["/home/notpineapple/.config/eww"] 

01:23:04 GMT+0300 (Moscow Standard Time) [DEBUG]: Updating root paths for project eww: ["/home/notpineapple/.config/eww"] 

01:23:34 GMT+0300 (Moscow Standard Time) [DEBUG]: Updating root paths for project eww: ["/home/notpineapple/.config/eww"] 

01:24:04 GMT+0300 (Moscow Standard Time) [DEBUG]: Updating root paths for project eww: ["/home/notpineapple/.config/eww"] 

01:24:34 GMT+0300 (Moscow Standard Time) [DEBUG]: Updating root paths for project eww: ["/home/notpineapple/.config/eww"] 

01:25:04 GMT+0300 (Moscow Standard Time) [DEBUG]: Updating root paths for project eww: ["/home/notpineapple/.config/eww"] 

01:25:34 GMT+0300 (Moscow Standard Time) [DEBUG]: Updating root paths for project eww: ["/home/notpineapple/.config/eww"] 

01:26:04 GMT+0300 (Moscow Standard Time) [DEBUG]: Updating root paths for project eww: ["/home/notpineapple/.config/eww"] 

01:26:34 GMT+0300 (Moscow Standard Time) [DEBUG]: Updating root paths for project eww: ["/home/notpineapple/.config/eww"] 

01:27:04 GMT+0300 (Moscow Standard Time) [DEBUG]: Updating root paths for project eww: ["/home/notpineapple/.config/eww"] 

01:27:34 GMT+0300 (Moscow Standard Time) [DEBUG]: Updating root paths for project eww: ["/home/notpineapple/.config/eww"] 

01:28:04 GMT+0300 (Moscow Standard Time) [DEBUG]: Updating root paths for project eww: ["/home/notpineapple/.config/eww"] 

01:28:34 GMT+0300 (Moscow Standard Time) [DEBUG]: Updating root paths for project eww: ["/home/notpineapple/.config/eww"] 

01:29:04 GMT+0300 (Moscow Standard Time) [DEBUG]: Updating root paths for project eww: ["/home/notpineapple/.config/eww"] 

01:29:34 GMT+0300 (Moscow Standard Time) [DEBUG]: Updating root paths for project eww: ["/home/notpineapple/.config/eww"] 

01:30:04 GMT+0300 (Moscow Standard Time) [DEBUG]: Updating root paths for project eww: ["/home/notpineapple/.config/eww"] 

01:30:34 GMT+0300 (Moscow Standard Time) [DEBUG]: Updating root paths for project eww: ["/home/notpineapple/.config/eww"] 

01:31:04 GMT+0300 (Moscow Standard Time) [DEBUG]: Updating root paths for project eww: ["/home/notpineapple/.config/eww"] 

01:31:34 GMT+0300 (Moscow Standard Time) [DEBUG]: Updating root paths for project eww: ["/home/notpineapple/.config/eww"] 

01:32:04 GMT+0300 (Moscow Standard Time) [DEBUG]: Updating root paths for project eww: ["/home/notpineapple/.config/eww"] 

01:32:34 GMT+0300 (Moscow Standard Time) [DEBUG]: Updating root paths for project eww: ["/home/notpineapple/.config/eww"] 

01:33:04 GMT+0300 (Moscow Standard Time) [DEBUG]: Updating root paths for project eww: ["/home/notpineapple/.config/eww"] 

01:33:34 GMT+0300 (Moscow Standard Time) [DEBUG]: Updating root paths for project eww: ["/home/notpineapple/.config/eww"] 

01:34:04 GMT+0300 (Moscow Standard Time) [DEBUG]: Updating root paths for project eww: ["/home/notpineapple/.config/eww"] 

01:34:34 GMT+0300 (Moscow Standard Time) [DEBUG]: Updating root paths for project eww: ["/home/notpineapple/.config/eww"] 

01:35:04 GMT+0300 (Moscow Standard Time) [DEBUG]: Updating root paths for project eww: ["/home/notpineapple/.config/eww"] 

01:35:34 GMT+0300 (Moscow Standard Time) [DEBUG]: Updating root paths for project eww: ["/home/notpineapple/.config/eww"] 

01:36:04 GMT+0300 (Moscow Standard Time) [DEBUG]: Updating root paths for project eww: ["/home/notpineapple/.config/eww"] 

01:36:34 GMT+0300 (Moscow Standard Time) [DEBUG]: Updating root paths for project eww: ["/home/notpineapple/.config/eww"] 

01:37:04 GMT+0300 (Moscow Standard Time) [DEBUG]: Updating root paths for project eww: ["/home/notpineapple/.config/eww"] 

01:37:34 GMT+0300 (Moscow Standard Time) [DEBUG]: Updating root paths for project eww: ["/home/notpineapple/.config/eww"] 

01:38:04 GMT+0300 (Moscow Standard Time) [DEBUG]: Updating root paths for project eww: ["/home/notpineapple/.config/eww"] 

01:38:34 GMT+0300 (Moscow Standard Time) [DEBUG]: Updating root paths for project eww: ["/home/notpineapple/.config/eww"] 

01:39:04 GMT+0300 (Moscow Standard Time) [DEBUG]: Updating root paths for project eww: ["/home/notpineapple/.config/eww"] 

01:39:34 GMT+0300 (Moscow Standard Time) [DEBUG]: Updating root paths for project eww: ["/home/notpineapple/.config/eww"] 

01:40:04 GMT+0300 (Moscow Standard Time) [DEBUG]: Updating root paths for project eww: ["/home/notpineapple/.config/eww"] 

01:40:34 GMT+0300 (Moscow Standard Time) [DEBUG]: Updating root paths for project eww: ["/home/notpineapple/.config/eww"] 

01:41:04 GMT+0300 (Moscow Standard Time) [DEBUG]: Updating root paths for project eww: ["/home/notpineapple/.config/eww"] 

01:41:34 GMT+0300 (Moscow Standard Time) [DEBUG]: Updating root paths for project eww: ["/home/notpineapple/.config/eww"] 

01:42:04 GMT+0300 (Moscow Standard Time) [DEBUG]: Updating root paths for project eww: ["/home/notpineapple/.config/eww"] 

01:42:34 GMT+0300 (Moscow Standard Time) [DEBUG]: Updating root paths for project eww: ["/home/notpineapple/.config/eww"] 

01:43:04 GMT+0300 (Moscow Standard Time) [DEBUG]: Updating root paths for project eww: ["/home/notpineapple/.config/eww"] 

01:43:34 GMT+0300 (Moscow Standard Time) [DEBUG]: Updating root paths for project eww: ["/home/notpineapple/.config/eww"] 

01:44:04 GMT+0300 (Moscow Standard Time) [DEBUG]: Updating root paths for project eww: ["/home/notpineapple/.config/eww"] 

01:44:34 GMT+0300 (Moscow Standard Time) [DEBUG]: Updating root paths for project eww: ["/home/notpineapple/.config/eww"] 

01:45:04 GMT+0300 (Moscow Standard Time) [DEBUG]: Updating root paths for project eww: ["/home/notpineapple/.config/eww"] 

01:45:34 GMT+0300 (Moscow Standard Time) [DEBUG]: Updating root paths for project eww: ["/home/notpineapple/.config/eww"] 

01:46:04 GMT+0300 (Moscow Standard Time) [DEBUG]: Updating root paths for project eww: ["/home/notpineapple/.config/eww"] 

01:46:34 GMT+0300 (Moscow Standard Time) [DEBUG]: Updating root paths for project eww: ["/home/notpineapple/.config/eww"] 

01:47:04 GMT+0300 (Moscow Standard Time) [DEBUG]: Updating root paths for project eww: ["/home/notpineapple/.config/eww"] 

01:47:34 GMT+0300 (Moscow Standard Time) [DEBUG]: Updating root paths for project eww: ["/home/notpineapple/.config/eww"] 

01:48:04 GMT+0300 (Moscow Standard Time) [DEBUG]: Updating root paths for project eww: ["/home/notpineapple/.config/eww"] 

01:48:34 GMT+0300 (Moscow Standard Time) [DEBUG]: Updating root paths for project eww: ["/home/notpineapple/.config/eww"] 

01:49:04 GMT+0300 (Moscow Standard Time) [DEBUG]: Updating root paths for project eww: ["/home/notpineapple/.config/eww"] 

01:49:34 GMT+0300 (Moscow Standard Time) [DEBUG]: Updating root paths for project eww: ["/home/notpineapple/.config/eww"] 

01:50:04 GMT+0300 (Moscow Standard Time) [DEBUG]: Updating root paths for project eww: ["/home/notpineapple/.config/eww"] 

01:50:34 GMT+0300 (Moscow Standard Time) [DEBUG]: Updating root paths for project eww: ["/home/notpineapple/.config/eww"] 

01:51:04 GMT+0300 (Moscow Standard Time) [DEBUG]: Updating root paths for project eww: ["/home/notpineapple/.config/eww"] 

01:51:34 GMT+0300 (Moscow Standard Time) [DEBUG]: Updating root paths for project eww: ["/home/notpineapple/.config/eww"] 

01:52:04 GMT+0300 (Moscow Standard Time) [DEBUG]: Updating root paths for project eww: ["/home/notpineapple/.config/eww"] 

01:52:34 GMT+0300 (Moscow Standard Time) [DEBUG]: Updating root paths for project eww: ["/home/notpineapple/.config/eww"] 

01:53:04 GMT+0300 (Moscow Standard Time) [DEBUG]: Updating root paths for project eww: ["/home/notpineapple/.config/eww"] 

01:53:34 GMT+0300 (Moscow Standard Time) [DEBUG]: Updating root paths for project eww: ["/home/notpineapple/.config/eww"] 

01:54:04 GMT+0300 (Moscow Standard Time) [DEBUG]: Updating root paths for project eww: ["/home/notpineapple/.config/eww"] 

01:54:34 GMT+0300 (Moscow Standard Time) [DEBUG]: Updating root paths for project eww: ["/home/notpineapple/.config/eww"] 

01:55:04 GMT+0300 (Moscow Standard Time) [DEBUG]: Updating root paths for project eww: ["/home/notpineapple/.config/eww"] 

01:55:34 GMT+0300 (Moscow Standard Time) [DEBUG]: Updating root paths for project eww: ["/home/notpineapple/.config/eww"] 

01:56:04 GMT+0300 (Moscow Standard Time) [DEBUG]: Updating root paths for project eww: ["/home/notpineapple/.config/eww"] 

01:56:34 GMT+0300 (Moscow Standard Time) [DEBUG]: Updating root paths for project eww: ["/home/notpineapple/.config/eww"] 

01:57:04 GMT+0300 (Moscow Standard Time) [DEBUG]: Updating root paths for project eww: ["/home/notpineapple/.config/eww"] 

01:57:34 GMT+0300 (Moscow Standard Time) [DEBUG]: Updating root paths for project eww: ["/home/notpineapple/.config/eww"] 

01:58:04 GMT+0300 (Moscow Standard Time) [DEBUG]: Updating root paths for project eww: ["/home/notpineapple/.config/eww"] 

01:58:34 GMT+0300 (Moscow Standard Time) [DEBUG]: Updating root paths for project eww: ["/home/notpineapple/.config/eww"] 

01:59:04 GMT+0300 (Moscow Standard Time) [DEBUG]: Updating root paths for project eww: ["/home/notpineapple/.config/eww"] 

01:59:34 GMT+0300 (Moscow Standard Time) [DEBUG]: Updating root paths for project eww: ["/home/notpineapple/.config/eww"] 

02:00:04 GMT+0300 (Moscow Standard Time) [DEBUG]: Updating root paths for project eww: ["/home/notpineapple/.config/eww"] 

02:00:34 GMT+0300 (Moscow Standard Time) [DEBUG]: Updating root paths for project eww: ["/home/notpineapple/.config/eww"] 

02:01:04 GMT+0300 (Moscow Standard Time) [DEBUG]: Updating root paths for project eww: ["/home/notpineapple/.config/eww"] 

02:01:34 GMT+0300 (Moscow Standard Time) [DEBUG]: Updating root paths for project eww: ["/home/notpineapple/.config/eww"] 

