shfmt hasn't downloaded yet!Error: ENOENT: no such file or directory, stat '/home/notpineapple/.vscode/extensions/foxundermoon.shell-format-7.2.5/bin/shfmt_v3.6.0_linux_amd64'
Shfmt will be downloaded automatically!
download url: https://github.com/mvdan/sh/releases/download/v3.6.0/shfmt_v3.6.0_linux_amd64
download to: /home/notpineapple/.vscode/extensions/foxundermoon.shell-format-7.2.5/bin/shfmt_v3.6.0_linux_amd64
If the download fails, you can manually download it to the dest directory.
Or download to another directory, and then set the "shellformat.path" as the path
download shfmt page: https://github.com/mvdan/sh/releases
You can't use this plugin until the download is successful.
downloaded:[0.05%]
downloaded:[0.10%]
downloaded:[0.15%]
downloaded:[0.19%]
downloaded:[0.24%]
downloaded:[0.29%]
downloaded:[0.34%]
downloaded:[0.39%]
downloaded:[0.44%]
downloaded:[0.48%]
downloaded:[0.53%]
downloaded:[0.57%]
downloaded:[0.62%]
downloaded:[0.67%]
downloaded:[0.72%]
downloaded:[0.77%]
downloaded:[0.82%]
downloaded:[0.86%]
downloaded:[0.91%]
downloaded:[0.96%]
downloaded:[1.01%]
downloaded:[1.06%]
downloaded:[1.11%]
downloaded:[1.15%]
downloaded:[1.20%]
downloaded:[1.25%]
downloaded:[1.30%]
downloaded:[1.35%]
downloaded:[1.40%]
downloaded:[1.44%]
downloaded:[1.49%]
downloaded:[1.54%]
downloaded:[1.59%]
downloaded:[1.64%]
downloaded:[1.69%]
downloaded:[1.72%]
downloaded:[1.77%]
downloaded:[1.82%]
downloaded:[1.87%]
downloaded:[1.92%]
downloaded:[1.97%]
downloaded:[2.01%]
downloaded:[2.06%]
downloaded:[2.11%]
downloaded:[2.16%]
downloaded:[2.21%]
downloaded:[2.21%]
downloaded:[2.79%]
downloaded:[3.36%]
downloaded:[3.94%]
downloaded:[4.51%]
downloaded:[5.08%]
downloaded:[5.66%]
downloaded:[6.23%]
downloaded:[6.81%]
downloaded:[7.38%]
downloaded:[7.96%]
downloaded:[8.53%]
downloaded:[9.11%]
downloaded:[9.68%]
downloaded:[10.26%]
downloaded:[10.83%]
downloaded:[11.41%]
downloaded:[11.98%]
downloaded:[12.56%]
downloaded:[13.13%]
downloaded:[13.71%]
downloaded:[14.28%]
downloaded:[14.85%]
downloaded:[15.43%]
downloaded:[16.00%]
downloaded:[16.58%]
downloaded:[17.15%]
downloaded:[17.73%]
downloaded:[18.30%]
downloaded:[18.88%]
downloaded:[19.45%]
downloaded:[20.03%]
downloaded:[20.60%]
downloaded:[21.18%]
downloaded:[21.75%]
downloaded:[22.33%]
downloaded:[22.90%]
downloaded:[23.48%]
downloaded:[24.05%]
downloaded:[24.62%]
downloaded:[25.20%]
downloaded:[25.77%]
downloaded:[26.35%]
downloaded:[26.92%]
downloaded:[27.50%]
downloaded:[28.07%]
downloaded:[28.65%]
downloaded:[29.22%]
downloaded:[29.80%]
downloaded:[30.37%]
downloaded:[30.95%]
downloaded:[31.52%]
downloaded:[32.10%]
downloaded:[32.67%]
downloaded:[33.25%]
downloaded:[33.82%]
downloaded:[34.39%]
downloaded:[34.97%]
downloaded:[35.54%]
downloaded:[36.12%]
downloaded:[36.69%]
downloaded:[37.27%]
downloaded:[37.84%]
downloaded:[38.42%]
downloaded:[38.99%]
downloaded:[39.57%]
downloaded:[40.14%]
downloaded:[40.72%]
downloaded:[41.29%]
downloaded:[41.87%]
downloaded:[42.44%]
downloaded:[43.02%]
downloaded:[43.59%]
downloaded:[44.17%]
downloaded:[44.74%]
downloaded:[45.31%]
downloaded:[45.89%]
downloaded:[46.46%]
downloaded:[47.04%]
downloaded:[47.61%]
downloaded:[48.19%]
downloaded:[48.76%]
downloaded:[49.34%]
downloaded:[49.91%]
downloaded:[50.49%]
downloaded:[51.06%]
downloaded:[51.64%]
downloaded:[52.21%]
downloaded:[52.79%]
downloaded:[53.36%]
downloaded:[53.94%]
downloaded:[54.51%]
downloaded:[55.08%]
downloaded:[55.66%]
downloaded:[56.23%]
downloaded:[56.81%]
downloaded:[57.38%]
downloaded:[57.96%]
downloaded:[58.53%]
downloaded:[59.11%]
downloaded:[59.68%]
downloaded:[60.26%]
downloaded:[60.83%]
downloaded:[61.41%]
downloaded:[61.98%]
downloaded:[62.56%]
downloaded:[63.13%]
downloaded:[63.71%]
downloaded:[64.28%]
downloaded:[64.85%]
downloaded:[65.43%]
downloaded:[66.00%]
downloaded:[66.58%]
downloaded:[67.15%]
downloaded:[67.73%]
downloaded:[68.30%]
downloaded:[68.88%]
downloaded:[69.45%]
downloaded:[70.03%]
downloaded:[70.60%]
downloaded:[71.18%]
downloaded:[71.75%]
downloaded:[72.33%]
downloaded:[72.90%]
downloaded:[73.48%]
downloaded:[74.05%]
downloaded:[74.62%]
downloaded:[75.20%]
downloaded:[75.77%]
downloaded:[76.35%]
downloaded:[76.92%]
downloaded:[77.50%]
downloaded:[78.07%]
downloaded:[78.65%]
downloaded:[79.22%]
downloaded:[79.80%]
downloaded:[80.37%]
downloaded:[80.95%]
downloaded:[81.52%]
downloaded:[82.10%]
downloaded:[82.67%]
downloaded:[83.25%]
downloaded:[83.82%]
downloaded:[84.39%]
downloaded:[84.97%]
downloaded:[85.54%]
downloaded:[86.12%]
downloaded:[86.69%]
downloaded:[87.27%]
downloaded:[87.84%]
downloaded:[88.42%]
downloaded:[88.99%]
downloaded:[89.57%]
downloaded:[90.14%]
downloaded:[90.72%]
downloaded:[91.29%]
downloaded:[91.87%]
downloaded:[92.44%]
downloaded:[93.02%]
downloaded:[93.59%]
downloaded:[94.17%]
downloaded:[94.74%]
downloaded:[95.31%]
downloaded:[95.89%]
downloaded:[96.46%]
downloaded:[97.04%]
downloaded:[97.61%]
downloaded:[98.19%]
downloaded:[98.76%]
downloaded:[99.34%]
downloaded:[99.91%]
downloaded:[100.00%]
download success, You can use it successfully!
Start or issues can be submitted here https://git.io/shfmt
Effective shfmt flags: -i=2
Effective shfmt flags: -i=2
