2024-07-13 00:32:29.200 [info] Added views:workbench.panel.markers.view in workbench.panel.markers
2024-07-13 00:32:29.200 [info] Added views:workbench.panel.output in workbench.panel.output
2024-07-13 00:32:29.200 [info] Added views:terminal in terminal
2024-07-13 00:32:29.200 [info] Added views:outline in workbench.view.explorer
2024-07-13 00:32:29.200 [info] Added views:workbench.scm in workbench.view.scm
2024-07-13 00:32:29.200 [info] Added views:workbench.view.search in workbench.view.search
2024-07-13 00:32:29.200 [info] Added views:timeline in workbench.view.explorer
2024-07-13 00:32:29.200 [info] Added views:workbench.explorer.fileView in workbench.view.explorer
2024-07-13 00:32:29.331 [info] Added views:workbench.debug.welcome in workbench.view.debug
2024-07-13 00:32:30.011 [info] Added views:workbench.panel.repl.view in workbench.panel.repl
2024-07-13 00:32:30.385 [info] Added views:workbench.view.testing in workbench.view.extension.test
2024-07-13 00:32:30.536 [info] Added views:~remote.forwardedPorts in ~remote.forwardedPortsContainer
2024-07-13 00:32:30.663 [info] Added views:workbench.panel.comments in workbench.panel.comments
2024-07-13 00:32:31.776 [info] Added views:tabnine.loading in workbench.view.extension.tabnine
2024-07-13 00:32:33.222 [info] Removed views:tabnine.loading from workbench.view.extension.tabnine
2024-07-13 00:32:33.223 [info] Added views:tabnine.chat in workbench.view.extension.tabnine
2024-07-13 01:40:55.181 [info] Added views:workbench.views.extensions.installed,workbench.views.extensions.popular,extensions.recommendedList in workbench.view.extensions
2024-07-13 01:40:55.183 [info] Removed views:workbench.views.extensions.popular from workbench.view.extensions
2024-07-13 01:40:55.737 [info] Removed views:extensions.recommendedList,workbench.views.extensions.installed from workbench.view.extensions
2024-07-13 01:40:55.743 [info] Added views:workbench.views.extensions.marketplace in workbench.view.extensions
2024-07-13 01:41:06.375 [info] Removed views:workbench.views.extensions.marketplace from workbench.view.extensions
2024-07-13 01:41:06.383 [info] Added views:workbench.views.extensions.installed,extensions.recommendedList in workbench.view.extensions
