2024-07-12 02:14:26.386 [info] Getting Manifest... piksel.prplkai
2024-07-12 02:14:26.394 [info] Installing extension: piksel.prplkai {"isMachineScoped":false,"installPreReleaseVersion":false,"pinned":false,"profileLocation":{"$mid":1,"external":"vscode-userdata:/home/notpineapple/.vscode/extensions/extensions.json","path":"/home/notpineapple/.vscode/extensions/extensions.json","scheme":"vscode-userdata"},"installOnlyNewlyAddedFromExtensionPack":true,"isApplicationScoped":false,"productVersion":{"version":"1.91.1","date":"2024-07-09T22:08:12.169Z"}}
2024-07-12 02:14:28.165 [info] Extension signature verification result for piksel.prplkai: UnknownError. Executed: true. Duration: 6ms.
2024-07-12 02:14:28.175 [info] Extracted extension to file:///home/notpineapple/.vscode/extensions/piksel.prplkai-0.2.1: piksel.prplkai
2024-07-12 02:14:28.179 [info] Renamed to /home/notpineapple/.vscode/extensions/piksel.prplkai-0.2.1
2024-07-12 02:14:28.188 [info] Extension installed successfully: piksel.prplkai vscode-userdata:/home/notpineapple/.vscode/extensions/extensions.json
2024-07-12 02:14:28.261 [error] [uncaught exception in sharedProcess]: Error: ENOENT: no such file or directory, stat '/home/notpineapple/.vscode/extensions/extensions.json.vsctmp': EntryNotFound (FileSystemError): Error: ENOENT: no such file or directory, stat '/home/notpineapple/.vscode/extensions/extensions.json.vsctmp'
    at h.create (/opt/visual-studio-code/resources/app/out/vs/code/node/sharedProcess/sharedProcessMain.js:54:19262)
    at f (/opt/visual-studio-code/resources/app/out/vs/code/node/sharedProcess/sharedProcessMain.js:54:19372)
    at P.hb (/opt/visual-studio-code/resources/app/out/vs/code/node/sharedProcess/sharedProcessMain.js:59:36571)
    at P.stat (/opt/visual-studio-code/resources/app/out/vs/code/node/sharedProcess/sharedProcessMain.js:59:28919)
    at async s.stat (/opt/visual-studio-code/resources/app/out/vs/code/node/sharedProcess/sharedProcessMain.js:59:14907)
    at async V.vb (/opt/visual-studio-code/resources/app/out/vs/code/node/sharedProcess/sharedProcessMain.js:105:119283)
2024-07-12 02:14:38.527 [info] Getting Manifest... katsute.code-background
2024-07-12 02:14:38.536 [info] Installing extension: katsute.code-background {"isMachineScoped":false,"installPreReleaseVersion":false,"pinned":false,"profileLocation":{"$mid":1,"external":"vscode-userdata:/home/notpineapple/.vscode/extensions/extensions.json","path":"/home/notpineapple/.vscode/extensions/extensions.json","scheme":"vscode-userdata"},"installOnlyNewlyAddedFromExtensionPack":true,"isApplicationScoped":false,"productVersion":{"version":"1.91.1","date":"2024-07-09T22:08:12.169Z"}}
2024-07-12 02:14:39.064 [info] Extension signature verification result for katsute.code-background: UnknownError. Executed: true. Duration: 17ms.
2024-07-12 02:14:39.078 [info] Extracted extension to file:///home/notpineapple/.vscode/extensions/katsute.code-background-2.10.4: katsute.code-background
2024-07-12 02:14:39.081 [info] Renamed to /home/notpineapple/.vscode/extensions/katsute.code-background-2.10.4
2024-07-12 02:14:39.090 [info] Extension installed successfully: katsute.code-background vscode-userdata:/home/notpineapple/.vscode/extensions/extensions.json
2024-07-12 02:14:39.192 [error] [uncaught exception in sharedProcess]: Error: ENOENT: no such file or directory, stat '/home/notpineapple/.vscode/extensions/extensions.json.vsctmp': EntryNotFound (FileSystemError): Error: ENOENT: no such file or directory, stat '/home/notpineapple/.vscode/extensions/extensions.json.vsctmp'
    at h.create (/opt/visual-studio-code/resources/app/out/vs/code/node/sharedProcess/sharedProcessMain.js:54:19262)
    at f (/opt/visual-studio-code/resources/app/out/vs/code/node/sharedProcess/sharedProcessMain.js:54:19372)
    at P.hb (/opt/visual-studio-code/resources/app/out/vs/code/node/sharedProcess/sharedProcessMain.js:59:36571)
    at P.stat (/opt/visual-studio-code/resources/app/out/vs/code/node/sharedProcess/sharedProcessMain.js:59:28919)
    at async s.stat (/opt/visual-studio-code/resources/app/out/vs/code/node/sharedProcess/sharedProcessMain.js:59:14907)
    at async V.vb (/opt/visual-studio-code/resources/app/out/vs/code/node/sharedProcess/sharedProcessMain.js:105:119283)
2024-07-12 02:14:57.507 [info] Getting Manifest... pkief.material-icon-theme
2024-07-12 02:14:57.515 [info] Installing extension: pkief.material-icon-theme {"isMachineScoped":false,"installPreReleaseVersion":false,"pinned":false,"profileLocation":{"$mid":1,"external":"vscode-userdata:/home/notpineapple/.vscode/extensions/extensions.json","path":"/home/notpineapple/.vscode/extensions/extensions.json","scheme":"vscode-userdata"},"installOnlyNewlyAddedFromExtensionPack":true,"isApplicationScoped":false,"productVersion":{"version":"1.91.1","date":"2024-07-09T22:08:12.169Z"}}
2024-07-12 02:14:58.102 [info] Extension signature verification result for pkief.material-icon-theme: UnknownError. Executed: true. Duration: 4ms.
2024-07-12 02:14:58.483 [info] Extracted extension to file:///home/notpineapple/.vscode/extensions/pkief.material-icon-theme-5.4.2: pkief.material-icon-theme
2024-07-12 02:14:58.488 [info] Renamed to /home/notpineapple/.vscode/extensions/pkief.material-icon-theme-5.4.2
2024-07-12 02:14:58.498 [info] Extension installed successfully: pkief.material-icon-theme vscode-userdata:/home/notpineapple/.vscode/extensions/extensions.json
2024-07-12 02:14:58.568 [error] [uncaught exception in sharedProcess]: Error: ENOENT: no such file or directory, stat '/home/notpineapple/.vscode/extensions/extensions.json.vsctmp': EntryNotFound (FileSystemError): Error: ENOENT: no such file or directory, stat '/home/notpineapple/.vscode/extensions/extensions.json.vsctmp'
    at h.create (/opt/visual-studio-code/resources/app/out/vs/code/node/sharedProcess/sharedProcessMain.js:54:19262)
    at f (/opt/visual-studio-code/resources/app/out/vs/code/node/sharedProcess/sharedProcessMain.js:54:19372)
    at P.hb (/opt/visual-studio-code/resources/app/out/vs/code/node/sharedProcess/sharedProcessMain.js:59:36571)
    at P.stat (/opt/visual-studio-code/resources/app/out/vs/code/node/sharedProcess/sharedProcessMain.js:59:28919)
    at async s.stat (/opt/visual-studio-code/resources/app/out/vs/code/node/sharedProcess/sharedProcessMain.js:59:14907)
    at async V.vb (/opt/visual-studio-code/resources/app/out/vs/code/node/sharedProcess/sharedProcessMain.js:105:119283)
2024-07-12 02:16:21.821 [info] Getting Manifest... richardluo.frosted-glass-theme
2024-07-12 02:16:21.825 [info] Installing extension: richardluo.frosted-glass-theme {"isMachineScoped":false,"installPreReleaseVersion":false,"pinned":false,"profileLocation":{"$mid":1,"external":"vscode-userdata:/home/notpineapple/.vscode/extensions/extensions.json","path":"/home/notpineapple/.vscode/extensions/extensions.json","scheme":"vscode-userdata"},"installOnlyNewlyAddedFromExtensionPack":true,"isApplicationScoped":false,"productVersion":{"version":"1.91.1","date":"2024-07-09T22:08:12.169Z"}}
2024-07-12 02:16:22.344 [info] Extension signature verification result for richardluo.frosted-glass-theme: UnknownError. Executed: true. Duration: 5ms.
2024-07-12 02:16:22.351 [info] Extracted extension to file:///home/notpineapple/.vscode/extensions/richardluo.frosted-glass-theme-0.7.6: richardluo.frosted-glass-theme
2024-07-12 02:16:22.354 [info] Renamed to /home/notpineapple/.vscode/extensions/richardluo.frosted-glass-theme-0.7.6
2024-07-12 02:16:22.363 [info] Extension installed successfully: richardluo.frosted-glass-theme vscode-userdata:/home/notpineapple/.vscode/extensions/extensions.json
2024-07-12 02:16:22.432 [error] [uncaught exception in sharedProcess]: Error: ENOENT: no such file or directory, stat '/home/notpineapple/.vscode/extensions/extensions.json.vsctmp': EntryNotFound (FileSystemError): Error: ENOENT: no such file or directory, stat '/home/notpineapple/.vscode/extensions/extensions.json.vsctmp'
    at h.create (/opt/visual-studio-code/resources/app/out/vs/code/node/sharedProcess/sharedProcessMain.js:54:19262)
    at f (/opt/visual-studio-code/resources/app/out/vs/code/node/sharedProcess/sharedProcessMain.js:54:19372)
    at P.hb (/opt/visual-studio-code/resources/app/out/vs/code/node/sharedProcess/sharedProcessMain.js:59:36571)
    at P.stat (/opt/visual-studio-code/resources/app/out/vs/code/node/sharedProcess/sharedProcessMain.js:59:28919)
    at async s.stat (/opt/visual-studio-code/resources/app/out/vs/code/node/sharedProcess/sharedProcessMain.js:59:14907)
    at async V.vb (/opt/visual-studio-code/resources/app/out/vs/code/node/sharedProcess/sharedProcessMain.js:105:119283)
