2024-07-06T17:26:37.314Z 0: 

----------------------------------------------
2024-07-06T17:26:37.325Z 1: Discord starting: {"releaseChannel":"stable","version":"0.0.58"}, modulepath: /home/notpineapple/.config/discord/0.0.58/modules
2024-07-06T17:26:37.331Z 2: ✅ webContents.created web1 ""
2024-07-06T17:26:37.337Z 3: ✅ window.created win1 "discord"
2024-07-06T17:26:37.724Z 4: ✅ webContents.did-finish-load web1
2024-07-06T17:27:23.570Z 5: ✅ webContents.created web2 ""
2024-07-06T17:27:23.575Z 6: ✅ window.created win2 "Discord"
2024-07-06T17:27:29.059Z 7: ✅ webContents.did-finish-load web2
2024-07-06T17:27:29.146Z 8: window.close win1
2024-07-06T17:27:29.255Z 9: webContents.destroyed web1
2024-07-06T17:27:29.258Z 10: window.closed win1
2024-07-06T17:32:27.074Z 11: window.close win2
2024-07-06T17:32:33.330Z 12: before-quit
2024-07-06T17:32:38.567Z 0: 

----------------------------------------------
2024-07-06T17:32:38.583Z 1: Discord starting: {"releaseChannel":"stable","version":"0.0.58"}, modulepath: /home/notpineapple/.config/discord/0.0.58/modules
2024-07-06T17:32:38.586Z 2: ✅ webContents.created web1 ""
2024-07-06T17:32:38.589Z 3: ✅ window.created win1 "discord"
2024-07-06T17:32:38.990Z 4: ✅ webContents.did-finish-load web1
2024-07-06T17:32:39.565Z 5: ✅ webContents.created web2 ""
2024-07-06T17:32:39.569Z 6: ✅ window.created win2 "Discord"
2024-07-06T17:32:42.077Z 7: ✅ webContents.did-finish-load web2
2024-07-06T17:32:42.173Z 8: window.close win1
2024-07-06T17:32:42.196Z 9: webContents.destroyed web1
2024-07-06T17:32:42.199Z 10: window.closed win1
2024-07-06T20:37:53.037Z 11: before-quit
2024-07-07T22:41:11.085Z 0: 

----------------------------------------------
2024-07-07T22:41:11.105Z 1: Discord starting: {"releaseChannel":"stable","version":"0.0.58"}, modulepath: /home/notpineapple/.config/discord/0.0.58/modules
2024-07-07T22:41:11.109Z 2: ✅ webContents.created web1 ""
2024-07-07T22:41:11.112Z 3: ✅ window.created win1 "discord"
2024-07-07T22:41:11.548Z 4: ✅ webContents.did-finish-load web1
2024-07-07T22:41:12.071Z 5: ✅ webContents.created web2 ""
2024-07-07T22:41:12.075Z 6: ✅ window.created win2 "Discord"
2024-07-07T22:41:14.086Z 7: ✅ webContents.did-finish-load web2
2024-07-07T22:41:14.186Z 8: window.close win1
2024-07-07T22:41:14.201Z 9: webContents.destroyed web1
2024-07-07T22:41:14.204Z 10: window.closed win1
2024-07-07T22:41:50.704Z 11: window.close win2
2024-07-07T22:54:29.590Z 12: before-quit
2024-07-07T22:55:01.945Z 0: 

----------------------------------------------
2024-07-07T22:55:01.956Z 1: Discord starting: {"releaseChannel":"stable","version":"0.0.58"}, modulepath: /home/notpineapple/.config/discord/0.0.58/modules
2024-07-07T22:55:01.972Z 2: ✅ webContents.created web1 ""
2024-07-07T22:55:01.975Z 3: ✅ window.created win1 "discord"
2024-07-07T22:55:02.284Z 4: ✅ webContents.did-finish-load web1
2024-07-07T22:55:03.280Z 5: ✅ webContents.created web2 ""
2024-07-07T22:55:03.284Z 6: ✅ window.created win2 "Discord"
2024-07-07T22:55:05.429Z 7: ✅ webContents.did-finish-load web2
2024-07-07T22:55:05.525Z 8: window.close win1
2024-07-07T22:55:05.543Z 9: webContents.destroyed web1
2024-07-07T22:55:05.546Z 10: window.closed win1
2024-07-07T22:55:13.724Z 11: window.close win2
2024-07-07T23:09:21.705Z 12: before-quit
2024-07-07T23:09:21.709Z 13: window.close win2
2024-07-07T23:09:21.813Z 14: webContents.destroyed web2
2024-07-07T23:51:04.115Z 0: 

----------------------------------------------
2024-07-07T23:51:04.126Z 1: Discord starting: {"releaseChannel":"stable","version":"0.0.58"}, modulepath: /home/notpineapple/.config/discord/0.0.58/modules
2024-07-07T23:51:04.143Z 2: ✅ webContents.created web1 ""
2024-07-07T23:51:04.146Z 3: ✅ window.created win1 "discord"
2024-07-07T23:51:04.618Z 4: ✅ webContents.did-finish-load web1
2024-07-07T23:51:05.295Z 5: ✅ webContents.created web2 ""
2024-07-07T23:51:05.299Z 6: ✅ window.created win2 "Discord"
2024-07-07T23:51:08.019Z 7: ✅ webContents.did-finish-load web2
2024-07-07T23:51:08.108Z 8: window.close win1
2024-07-07T23:51:08.168Z 9: webContents.destroyed web1
2024-07-07T23:51:08.171Z 10: window.closed win1
2024-07-07T23:51:09.914Z 11: ✅ webContents.did-finish-load web2
2024-07-07T23:51:12.719Z 12: window.close win2
2024-07-08T01:36:30.537Z 13: before-quit
2024-07-08T20:08:57.146Z 0: 

----------------------------------------------
2024-07-08T20:08:57.169Z 1: Discord starting: {"releaseChannel":"stable","version":"0.0.58"}, modulepath: /home/notpineapple/.config/discord/0.0.58/modules
2024-07-08T20:08:57.174Z 2: ✅ webContents.created web1 ""
2024-07-08T20:08:57.177Z 3: ✅ window.created win1 "discord"
2024-07-08T20:08:57.623Z 4: ✅ webContents.did-finish-load web1
2024-07-08T20:09:08.483Z 5: before-quit
2024-07-08T20:09:08.494Z 6: window.close win1
2024-07-09T13:20:13.737Z 0: 

----------------------------------------------
2024-07-09T13:20:13.750Z 1: Discord starting: {"releaseChannel":"stable","version":"0.0.58"}, modulepath: /home/notpineapple/.config/discord/0.0.58/modules
2024-07-09T13:20:13.765Z 2: ✅ webContents.created web1 ""
2024-07-09T13:20:13.769Z 3: ✅ window.created win1 "discord"
2024-07-09T13:20:14.220Z 4: ✅ webContents.did-finish-load web1
2024-07-09T13:20:20.528Z 5: before-quit
2024-07-09T13:20:20.539Z 6: window.close win1
2024-07-09T15:16:18.884Z 0: 

----------------------------------------------
2024-07-09T15:16:18.905Z 1: Discord starting: {"releaseChannel":"stable","version":"0.0.58"}, modulepath: /home/notpineapple/.config/discord/0.0.58/modules
2024-07-09T15:16:18.909Z 2: ✅ webContents.created web1 ""
2024-07-09T15:16:18.912Z 3: ✅ window.created win1 "discord"
2024-07-09T15:16:19.281Z 4: ✅ webContents.did-finish-load web1
2024-07-09T15:16:49.885Z 5: before-quit
2024-07-09T15:16:49.906Z 6: window.close win1
2024-07-09T19:03:15.801Z 0: 

----------------------------------------------
2024-07-09T19:03:15.812Z 1: Discord starting: {"releaseChannel":"stable","version":"0.0.58"}, modulepath: /home/notpineapple/.config/discord/0.0.58/modules
2024-07-09T19:03:15.827Z 2: ✅ webContents.created web1 ""
2024-07-09T19:03:15.831Z 3: ✅ window.created win1 "discord"
2024-07-09T19:03:16.313Z 4: ✅ webContents.did-finish-load web1
2024-07-09T19:17:05.534Z 5: before-quit
2024-07-09T19:17:05.544Z 6: window.close win1
