2024-07-12 03:21:11.080 [info] (Client) Pylance async client (2024.7.1) started with python extension (2024.10.0)
2024-07-12 03:21:11.518 [info] [Info  - 3:21:11 AM] (1192077) Pylance language server 2024.7.1 (pyright version 1.1.369, commit 1168be71) starting
2024-07-12 03:21:11.518 [info] [Info  - 3:21:11 AM] (1192077) Server root directory: file:///home/notpineapple/.vscode/extensions/ms-python.vscode-pylance-2024.7.1/dist
2024-07-12 03:21:11.519 [info] [Info  - 3:21:11 AM] (1192077) Starting service instance "eww"
2024-07-12 03:21:11.545 [info] [Info  - 3:21:11 AM] (1192077) Setting pythonPath for service "eww": "/bin/python"
2024-07-12 03:21:11.546 [info] [Info  - 3:21:11 AM] (1192077) Setting environmentName for service "eww": "3.12.4 (global)"
2024-07-12 03:21:11.546 [info] [Info  - 3:21:11 AM] (1192077) No include entries specified; assuming /home/notpineapple/.config/eww
2024-07-12 03:21:11.546 [info] [Info  - 3:21:11 AM] (1192077) Auto-excluding **/node_modules
2024-07-12 03:21:11.546 [info] [Info  - 3:21:11 AM] (1192077) Auto-excluding **/__pycache__
2024-07-12 03:21:11.546 [info] [Info  - 3:21:11 AM] (1192077) Auto-excluding **/.*
2024-07-12 03:21:11.567 [info] [Info  - 3:21:11 AM] (1192077) Assuming Python version 3.12.4.final.0
2024-07-12 03:21:11.614 [info] [Info  - 3:21:11 AM] (1192077) Found 2 source files
2024-07-12 03:21:11.958 [info] [Info  - 3:21:11 AM] (1192077) Background analysis(1) root directory: file:///home/notpineapple/.vscode/extensions/ms-python.vscode-pylance-2024.7.1/dist
2024-07-12 03:21:11.960 [info] [Info  - 3:21:11 AM] (1192077) Background analysis(1) started
2024-07-12 03:21:12.062 [info] [Info  - 3:21:12 AM] (1192077) Indexer background runner(2) root directory: file:///home/notpineapple/.vscode/extensions/ms-python.vscode-pylance-2024.7.1/dist (index)
2024-07-12 03:21:12.063 [info] [Info  - 3:21:12 AM] (1192077) Indexing(2) started
2024-07-12 03:21:12.374 [info] [Info  - 3:21:12 AM] (1192077) scanned(2) 39 files over 1 exec env
2024-07-12 03:21:12.951 [info] [Info  - 3:21:12 AM] (1192077) indexed(2) 21 files over 1 exec env
2024-07-12 03:21:12.968 [info] [Info  - 3:21:12 AM] (1192077) Indexing finished(2).
2024-07-12 03:23:30.885 [info] [Info  - 3:23:30 AM] (1192077) Indexer background runner(3) root directory: file:///home/notpineapple/.vscode/extensions/ms-python.vscode-pylance-2024.7.1/dist (refresh)
2024-07-12 03:23:30.885 [info] [Info  - 3:23:30 AM] (1192077) Indexing(3) started
2024-07-12 03:23:31.125 [info] [Info  - 3:23:31 AM] (1192077) scanned(3) 46 files over 1 exec env
2024-07-12 03:23:31.457 [info] [Info  - 3:23:31 AM] (1192077) indexed(3) 27 files over 1 exec env
2024-07-12 03:23:31.471 [info] [Info  - 3:23:31 AM] (1192077) Indexing finished(3).
2024-07-12 03:24:56.825 [info] [Info  - 3:24:56 AM] (1192077) Indexer background runner(4) root directory: file:///home/notpineapple/.vscode/extensions/ms-python.vscode-pylance-2024.7.1/dist (refresh)
2024-07-12 03:24:56.825 [info] [Info  - 3:24:56 AM] (1192077) Indexing(4) started
2024-07-12 03:24:56.828 [info] [Info  - 3:24:56 AM] (1192077) Indexing finished(4).
2024-07-12 03:25:07.453 [info] [Info  - 3:25:07 AM] (1192077) Indexer background runner(5) root directory: file:///home/notpineapple/.vscode/extensions/ms-python.vscode-pylance-2024.7.1/dist (refresh)
2024-07-12 03:25:07.453 [info] [Info  - 3:25:07 AM] (1192077) Indexing(5) started
2024-07-12 03:25:07.708 [info] [Info  - 3:25:07 AM] (1192077) scanned(5) 47 files over 1 exec env
2024-07-12 03:25:07.862 [info] [Info  - 3:25:07 AM] (1192077) indexed(5) 27 files over 1 exec env
2024-07-12 03:25:07.884 [info] [Info  - 3:25:07 AM] (1192077) Indexing finished(5).
2024-07-12 03:25:24.037 [info] [Info  - 3:25:24 AM] (1192077) Indexer background runner(6) root directory: file:///home/notpineapple/.vscode/extensions/ms-python.vscode-pylance-2024.7.1/dist (refresh)
2024-07-12 03:25:24.037 [info] [Info  - 3:25:24 AM] (1192077) Indexing(6) started
2024-07-12 03:25:24.388 [info] [Info  - 3:25:24 AM] (1192077) scanned(6) 46 files over 1 exec env
2024-07-12 03:25:24.490 [info] [Info  - 3:25:24 AM] (1192077) indexed(6) 27 files over 1 exec env
2024-07-12 03:25:24.506 [info] [Info  - 3:25:24 AM] (1192077) Indexing finished(6).
2024-07-12 03:26:32.092 [info] [Info  - 3:26:32 AM] (1192077) Indexer background runner(7) root directory: file:///home/notpineapple/.vscode/extensions/ms-python.vscode-pylance-2024.7.1/dist (refresh)
2024-07-12 03:26:32.092 [info] [Info  - 3:26:32 AM] (1192077) Indexing(7) started
2024-07-12 03:26:32.350 [info] [Info  - 3:26:32 AM] (1192077) scanned(7) 50 files over 1 exec env
2024-07-12 03:26:32.756 [info] [Info  - 3:26:32 AM] (1192077) indexed(7) 31 files over 1 exec env
2024-07-12 03:26:32.772 [info] [Info  - 3:26:32 AM] (1192077) Indexing finished(7).
2024-07-12 03:27:31.636 [info] [Info  - 3:27:31 AM] (1192077) Indexer background runner(8) root directory: file:///home/notpineapple/.vscode/extensions/ms-python.vscode-pylance-2024.7.1/dist (refresh)
2024-07-12 03:27:31.636 [info] [Info  - 3:27:31 AM] (1192077) Indexing(8) started
2024-07-12 03:27:31.955 [info] [Info  - 3:27:31 AM] (1192077) scanned(8) 49 files over 1 exec env
2024-07-12 03:27:32.073 [info] [Info  - 3:27:32 AM] (1192077) indexed(8) 30 files over 1 exec env
2024-07-12 03:27:32.091 [info] [Info  - 3:27:32 AM] (1192077) Indexing finished(8).
2024-07-12 03:27:45.069 [info] [Info  - 3:27:45 AM] (1192077) Indexer background runner(9) root directory: file:///home/notpineapple/.vscode/extensions/ms-python.vscode-pylance-2024.7.1/dist (refresh)
2024-07-12 03:27:45.070 [info] [Info  - 3:27:45 AM] (1192077) Indexing(9) started
2024-07-12 03:27:45.358 [info] [Info  - 3:27:45 AM] (1192077) scanned(9) 54 files over 1 exec env
2024-07-12 03:27:45.660 [info] [Info  - 3:27:45 AM] (1192077) indexed(9) 33 files over 1 exec env
2024-07-12 03:27:45.682 [info] [Info  - 3:27:45 AM] (1192077) Indexing finished(9).
2024-07-12 03:40:41.714 [info] [Info  - 3:40:41 AM] (1192077) Setting pythonPath for service "eww": "/home/notpineapple/.config/eww/.venv/bin/python"
2024-07-12 03:40:41.714 [info] [Info  - 3:40:41 AM] (1192077) Setting environmentName for service "eww": "3.12.4 (.venv venv)"
2024-07-12 03:40:41.714 [info] [Info  - 3:40:41 AM] (1192077) No include entries specified; assuming /home/notpineapple/.config/eww
2024-07-12 03:40:41.714 [info] [Info  - 3:40:41 AM] (1192077) Auto-excluding **/node_modules
2024-07-12 03:40:41.715 [info] [Info  - 3:40:41 AM] (1192077) Auto-excluding **/__pycache__
2024-07-12 03:40:41.715 [info] [Info  - 3:40:41 AM] (1192077) Auto-excluding **/.*
2024-07-12 03:40:41.736 [info] [Info  - 3:40:41 AM] (1192077) Assuming Python version 3.12.4.final.0
2024-07-12 03:40:41.777 [info] [Info  - 3:40:41 AM] (1192077) Found 2 source files
2024-07-12 03:40:42.297 [info] [Info  - 3:40:42 AM] (1192077) Indexer background runner(10) root directory: file:///home/notpineapple/.vscode/extensions/ms-python.vscode-pylance-2024.7.1/dist (index)
2024-07-12 03:40:42.297 [info] [Info  - 3:40:42 AM] (1192077) Indexing(10) started
2024-07-12 03:40:42.521 [info] [Info  - 3:40:42 AM] (1192077) scanned(10) 13 files over 1 exec env
2024-07-12 03:40:42.754 [info] [Info  - 3:40:42 AM] (1192077) indexed(10) 4 files over 1 exec env
2024-07-12 03:40:42.765 [info] [Info  - 3:40:42 AM] (1192077) Indexing finished(10).
2024-07-12 03:41:53.161 [info] [Info  - 3:41:53 AM] (1192077) Setting pythonPath for service "eww": "/bin/python"
2024-07-12 03:41:53.161 [info] [Info  - 3:41:53 AM] (1192077) Setting environmentName for service "eww": "3.12.4 (global)"
2024-07-12 03:41:53.162 [info] [Info  - 3:41:53 AM] (1192077) No include entries specified; assuming /home/notpineapple/.config/eww
2024-07-12 03:41:53.162 [info] [Info  - 3:41:53 AM] (1192077) Auto-excluding **/node_modules
2024-07-12 03:41:53.162 [info] [Info  - 3:41:53 AM] (1192077) Auto-excluding **/__pycache__
2024-07-12 03:41:53.162 [info] [Info  - 3:41:53 AM] (1192077) Auto-excluding **/.*
2024-07-12 03:41:53.183 [info] [Info  - 3:41:53 AM] (1192077) Assuming Python version 3.12.4.final.0
2024-07-12 03:41:53.217 [info] [Info  - 3:41:53 AM] (1192077) Found 2 source files
2024-07-12 03:41:53.674 [info] [Info  - 3:41:53 AM] (1192077) Indexer background runner(11) root directory: file:///home/notpineapple/.vscode/extensions/ms-python.vscode-pylance-2024.7.1/dist (index)
2024-07-12 03:41:53.674 [info] [Info  - 3:41:53 AM] (1192077) Indexing(11) started
2024-07-12 03:41:53.887 [info] [Info  - 3:41:53 AM] (1192077) scanned(11) 54 files over 1 exec env
2024-07-12 03:41:54.040 [info] [Info  - 3:41:54 AM] (1192077) indexed(11) 33 files over 1 exec env
2024-07-12 03:41:54.058 [info] [Info  - 3:41:54 AM] (1192077) Indexing finished(11).
