2024-07-12 03:21:09.894 [info] Starting Python Locator /home/notpineapple/.vscode/extensions/ms-python.python-2024.10.0-linux-x64/python-env-tools/bin/pet server
2024-07-12 03:21:09.894 [info] Started Refreshing Environments
2024-07-12 03:21:10.358 [info] Discovered env: /usr/bin/python
2024-07-12 03:21:10.362 [info] Discovered env: /bin/python
2024-07-12 03:21:10.363 [warning] Unknown Env ("/sbin/python") in Path resolved as ResolvedPythonEnv { executable: "/sbin/python", prefix: "/usr", version: "3.12.4.final.0", is64_bit: true, symlink: None } and reported as GlobalPaths
2024-07-12 03:21:10.363 [info] Discovered env: /sbin/python
2024-07-12 03:21:10.363 [warning] Unknown Env ("/usr/sbin/python") in Path resolved as ResolvedPythonEnv { executable: "/usr/sbin/python", prefix: "/usr", version: "3.12.4.final.0", is64_bit: true, symlink: None } and reported as GlobalPaths
2024-07-12 03:21:10.363 [info] Discovered env: /usr/sbin/python
2024-07-12 03:21:10.363 [warning] Unknown Env ("/sbin/python3") in Path resolved as ResolvedPythonEnv { executable: "/sbin/python3", prefix: "/usr", version: "3.12.4.final.0", is64_bit: true, symlink: None } and reported as GlobalPaths
2024-07-12 03:21:10.363 [info] Discovered env: /sbin/python3
2024-07-12 03:21:10.363 [warning] Unknown Env ("/usr/sbin/python3") in Path resolved as ResolvedPythonEnv { executable: "/usr/sbin/python3", prefix: "/usr", version: "3.12.4.final.0", is64_bit: true, symlink: None } and reported as GlobalPaths
2024-07-12 03:21:10.364 [info] Discovered env: /usr/sbin/python3
2024-07-12 03:21:10.364 [warning] Unknown Env ("/sbin/python3.12") in Path resolved as ResolvedPythonEnv { executable: "/sbin/python3.12", prefix: "/usr", version: "3.12.4.final.0", is64_bit: true, symlink: None } and reported as GlobalPaths
2024-07-12 03:21:10.364 [info] Discovered env: /sbin/python3.12
2024-07-12 03:21:10.364 [warning] Unknown Env ("/usr/sbin/python3.12") in Path resolved as ResolvedPythonEnv { executable: "/usr/sbin/python3.12", prefix: "/usr", version: "3.12.4.final.0", is64_bit: true, symlink: None } and reported as GlobalPaths
2024-07-12 03:21:10.364 [info] Discovered env: /usr/sbin/python3.12
2024-07-12 03:21:10.364 [info] Locator Conda took 4.326684ms
2024-07-12 03:21:10.364 [info] Locator Homebrew took 126.841µs
2024-07-12 03:21:10.364 [info] Locator LinuxGlobalPython took 66.798126ms
2024-07-12 03:21:10.364 [info] Locator PipEnv took 108ns
2024-07-12 03:21:10.364 [info] Locator Poetry took 129.418µs
2024-07-12 03:21:10.364 [info] Locator PyEnv took 966.196µs
2024-07-12 03:21:10.364 [info] Locator Venv took 241ns
2024-07-12 03:21:10.364 [info] Locator VirtualEnv took 104ns
2024-07-12 03:21:10.364 [info] Locator VirtualEnvWrapper took 5.263µs
2024-07-12 03:21:10.364 [info] Environments found using locators in 67.787126ms
2024-07-12 03:21:10.364 [info] Environments in PATH found in 227.125853ms
2024-07-12 03:21:10.364 [info] Environments in global virtual env paths found in 79.312µs
2024-07-12 03:21:10.364 [info] Environments in custom search paths found in 864.415µs
2024-07-12 03:21:10.364 [info] Refresh completed in 227ms
