2024-07-13 00:32:30.752 [info] Log level: Info
2024-07-13 00:32:30.752 [info] Validating found git in: "git"
2024-07-13 00:32:30.752 [info] Using git "2.45.2" from "git"
2024-07-13 00:32:30.752 [info] > git rev-parse --show-toplevel [3ms]
2024-07-13 00:32:30.752 [info] fatal: not a git repository (or any parent up to mount point /)
Stopping at filesystem boundary (GIT_DISCOVERY_ACROSS_FILESYSTEM not set).
2024-07-13 00:32:30.752 [info] > git rev-parse --show-toplevel [10ms]
2024-07-13 00:32:30.752 [info] fatal: not a git repository (or any parent up to mount point /)
Stopping at filesystem boundary (GIT_DISCOVERY_ACROSS_FILESYSTEM not set).
2024-07-13 00:32:30.787 [info] > git rev-parse --show-toplevel [35ms]
2024-07-13 00:32:30.787 [info] fatal: not a git repository (or any parent up to mount point /)
Stopping at filesystem boundary (GIT_DISCOVERY_ACROSS_FILESYSTEM not set).
2024-07-13 00:32:30.867 [info] > git rev-parse --show-toplevel [31ms]
2024-07-13 00:32:30.867 [info] fatal: not a git repository (or any parent up to mount point /)
Stopping at filesystem boundary (GIT_DISCOVERY_ACROSS_FILESYSTEM not set).
2024-07-13 00:32:31.037 [info] > git rev-parse --show-toplevel [25ms]
2024-07-13 00:32:31.037 [info] fatal: not a git repository (or any parent up to mount point /)
Stopping at filesystem boundary (GIT_DISCOVERY_ACROSS_FILESYSTEM not set).
2024-07-13 00:32:31.057 [info] > git rev-parse --show-toplevel [9ms]
2024-07-13 00:32:31.057 [info] fatal: not a git repository (or any parent up to mount point /)
Stopping at filesystem boundary (GIT_DISCOVERY_ACROSS_FILESYSTEM not set).
2024-07-13 00:32:31.064 [info] > git rev-parse --show-toplevel [2ms]
2024-07-13 00:32:31.064 [info] fatal: not a git repository (or any parent up to mount point /)
Stopping at filesystem boundary (GIT_DISCOVERY_ACROSS_FILESYSTEM not set).
2024-07-13 00:32:31.084 [info] > git rev-parse --show-toplevel [15ms]
2024-07-13 00:32:31.084 [info] fatal: not a git repository (or any parent up to mount point /)
Stopping at filesystem boundary (GIT_DISCOVERY_ACROSS_FILESYSTEM not set).
2024-07-13 00:32:31.880 [info] > git rev-parse --show-toplevel [1ms]
2024-07-13 00:32:31.880 [info] fatal: not a git repository (or any parent up to mount point /)
Stopping at filesystem boundary (GIT_DISCOVERY_ACROSS_FILESYSTEM not set).
2024-07-13 00:32:40.852 [info] > git rev-parse --show-toplevel [1ms]
2024-07-13 00:32:40.852 [info] fatal: not a git repository (or any parent up to mount point /)
Stopping at filesystem boundary (GIT_DISCOVERY_ACROSS_FILESYSTEM not set).
2024-07-13 00:32:46.563 [info] > git rev-parse --show-toplevel [3ms]
2024-07-13 00:32:46.563 [info] fatal: not a git repository (or any parent up to mount point /)
Stopping at filesystem boundary (GIT_DISCOVERY_ACROSS_FILESYSTEM not set).
2024-07-13 00:32:48.113 [info] > git rev-parse --show-toplevel [2ms]
2024-07-13 00:32:48.113 [info] fatal: not a git repository (or any parent up to mount point /)
Stopping at filesystem boundary (GIT_DISCOVERY_ACROSS_FILESYSTEM not set).
2024-07-13 00:56:35.216 [info] > git rev-parse --show-toplevel [1ms]
2024-07-13 00:56:35.216 [info] fatal: not a git repository (or any parent up to mount point /)
Stopping at filesystem boundary (GIT_DISCOVERY_ACROSS_FILESYSTEM not set).
2024-07-13 00:56:40.604 [info] > git rev-parse --show-toplevel [1ms]
2024-07-13 00:56:40.604 [info] fatal: not a git repository (or any parent up to mount point /)
Stopping at filesystem boundary (GIT_DISCOVERY_ACROSS_FILESYSTEM not set).
2024-07-13 01:08:57.772 [info] > git rev-parse --show-toplevel [1ms]
2024-07-13 01:08:57.772 [info] fatal: not a git repository (or any parent up to mount point /)
Stopping at filesystem boundary (GIT_DISCOVERY_ACROSS_FILESYSTEM not set).
2024-07-13 01:09:01.210 [info] > git rev-parse --show-toplevel [1ms]
2024-07-13 01:09:01.210 [info] fatal: not a git repository (or any parent up to mount point /)
Stopping at filesystem boundary (GIT_DISCOVERY_ACROSS_FILESYSTEM not set).
2024-07-13 01:09:06.646 [info] > git rev-parse --show-toplevel [1ms]
2024-07-13 01:09:06.646 [info] fatal: not a git repository (or any parent up to mount point /)
Stopping at filesystem boundary (GIT_DISCOVERY_ACROSS_FILESYSTEM not set).
2024-07-13 01:09:08.009 [info] > git rev-parse --show-toplevel [1ms]
2024-07-13 01:09:08.009 [info] fatal: not a git repository (or any parent up to mount point /)
Stopping at filesystem boundary (GIT_DISCOVERY_ACROSS_FILESYSTEM not set).
2024-07-13 01:09:12.915 [info] > git rev-parse --show-toplevel [1ms]
2024-07-13 01:09:12.915 [info] fatal: not a git repository (or any parent up to mount point /)
Stopping at filesystem boundary (GIT_DISCOVERY_ACROSS_FILESYSTEM not set).
2024-07-13 01:09:23.891 [info] > git rev-parse --show-toplevel [2ms]
2024-07-13 01:09:23.891 [info] fatal: not a git repository (or any parent up to mount point /)
Stopping at filesystem boundary (GIT_DISCOVERY_ACROSS_FILESYSTEM not set).
2024-07-13 01:09:26.256 [info] > git rev-parse --show-toplevel [1ms]
2024-07-13 01:09:26.256 [info] fatal: not a git repository (or any parent up to mount point /)
Stopping at filesystem boundary (GIT_DISCOVERY_ACROSS_FILESYSTEM not set).
2024-07-13 01:09:28.325 [info] > git rev-parse --show-toplevel [1ms]
2024-07-13 01:09:28.325 [info] fatal: not a git repository (or any parent up to mount point /)
Stopping at filesystem boundary (GIT_DISCOVERY_ACROSS_FILESYSTEM not set).
2024-07-13 01:09:31.803 [info] > git rev-parse --show-toplevel [3ms]
2024-07-13 01:09:31.803 [info] fatal: not a git repository (or any parent up to mount point /)
Stopping at filesystem boundary (GIT_DISCOVERY_ACROSS_FILESYSTEM not set).
2024-07-13 01:09:46.795 [info] > git rev-parse --show-toplevel [1ms]
2024-07-13 01:09:46.795 [info] fatal: not a git repository (or any parent up to mount point /)
Stopping at filesystem boundary (GIT_DISCOVERY_ACROSS_FILESYSTEM not set).
2024-07-13 01:09:50.329 [info] > git rev-parse --show-toplevel [1ms]
2024-07-13 01:09:50.329 [info] fatal: not a git repository (or any parent up to mount point /)
Stopping at filesystem boundary (GIT_DISCOVERY_ACROSS_FILESYSTEM not set).
2024-07-13 01:09:52.852 [info] > git rev-parse --show-toplevel [1ms]
2024-07-13 01:09:52.852 [info] fatal: not a git repository (or any parent up to mount point /)
Stopping at filesystem boundary (GIT_DISCOVERY_ACROSS_FILESYSTEM not set).
2024-07-13 01:09:55.196 [info] > git rev-parse --show-toplevel [1ms]
2024-07-13 01:09:55.196 [info] fatal: not a git repository (or any parent up to mount point /)
Stopping at filesystem boundary (GIT_DISCOVERY_ACROSS_FILESYSTEM not set).
2024-07-13 01:09:55.664 [info] > git rev-parse --show-toplevel [2ms]
2024-07-13 01:09:55.664 [info] fatal: not a git repository (or any parent up to mount point /)
Stopping at filesystem boundary (GIT_DISCOVERY_ACROSS_FILESYSTEM not set).
2024-07-13 01:09:56.474 [info] > git rev-parse --show-toplevel [1ms]
2024-07-13 01:09:56.474 [info] fatal: not a git repository (or any parent up to mount point /)
Stopping at filesystem boundary (GIT_DISCOVERY_ACROSS_FILESYSTEM not set).
2024-07-13 01:10:03.481 [info] > git rev-parse --show-toplevel [1ms]
2024-07-13 01:10:03.481 [info] fatal: not a git repository (or any parent up to mount point /)
Stopping at filesystem boundary (GIT_DISCOVERY_ACROSS_FILESYSTEM not set).
2024-07-13 01:10:15.398 [info] > git rev-parse --show-toplevel [0ms]
2024-07-13 01:10:15.398 [info] fatal: not a git repository (or any parent up to mount point /)
Stopping at filesystem boundary (GIT_DISCOVERY_ACROSS_FILESYSTEM not set).
2024-07-13 01:10:20.911 [info] > git rev-parse --show-toplevel [1ms]
2024-07-13 01:10:20.911 [info] fatal: not a git repository (or any parent up to mount point /)
Stopping at filesystem boundary (GIT_DISCOVERY_ACROSS_FILESYSTEM not set).
2024-07-13 01:10:33.335 [info] > git rev-parse --show-toplevel [1ms]
2024-07-13 01:10:33.335 [info] fatal: not a git repository (or any parent up to mount point /)
Stopping at filesystem boundary (GIT_DISCOVERY_ACROSS_FILESYSTEM not set).
2024-07-13 01:16:00.199 [info] > git rev-parse --show-toplevel [1ms]
2024-07-13 01:16:00.200 [info] fatal: not a git repository (or any parent up to mount point /)
Stopping at filesystem boundary (GIT_DISCOVERY_ACROSS_FILESYSTEM not set).
2024-07-13 01:16:40.240 [info] > git rev-parse --show-toplevel [1ms]
2024-07-13 01:16:40.240 [info] fatal: not a git repository (or any parent up to mount point /)
Stopping at filesystem boundary (GIT_DISCOVERY_ACROSS_FILESYSTEM not set).
2024-07-13 01:30:33.252 [info] > git rev-parse --show-toplevel [1ms]
2024-07-13 01:30:33.252 [info] fatal: not a git repository (or any parent up to mount point /)
Stopping at filesystem boundary (GIT_DISCOVERY_ACROSS_FILESYSTEM not set).
2024-07-13 01:31:01.581 [info] > git rev-parse --show-toplevel [2ms]
2024-07-13 01:31:01.581 [info] fatal: not a git repository (or any parent up to mount point /)
Stopping at filesystem boundary (GIT_DISCOVERY_ACROSS_FILESYSTEM not set).
2024-07-13 01:31:50.015 [info] > git rev-parse --show-toplevel [1ms]
2024-07-13 01:31:50.015 [info] fatal: not a git repository (or any parent up to mount point /)
Stopping at filesystem boundary (GIT_DISCOVERY_ACROSS_FILESYSTEM not set).
2024-07-13 01:31:51.898 [info] > git rev-parse --show-toplevel [1ms]
2024-07-13 01:31:51.898 [info] fatal: not a git repository (or any parent up to mount point /)
Stopping at filesystem boundary (GIT_DISCOVERY_ACROSS_FILESYSTEM not set).
2024-07-13 01:32:01.878 [info] > git rev-parse --show-toplevel [1ms]
2024-07-13 01:32:01.878 [info] fatal: not a git repository (or any parent up to mount point /)
Stopping at filesystem boundary (GIT_DISCOVERY_ACROSS_FILESYSTEM not set).
2024-07-13 01:39:30.972 [info] > git rev-parse --show-toplevel [1ms]
2024-07-13 01:39:30.972 [info] fatal: not a git repository (or any parent up to mount point /)
Stopping at filesystem boundary (GIT_DISCOVERY_ACROSS_FILESYSTEM not set).
2024-07-13 01:39:36.380 [info] > git rev-parse --show-toplevel [1ms]
2024-07-13 01:39:36.380 [info] fatal: not a git repository (or any parent up to mount point /)
Stopping at filesystem boundary (GIT_DISCOVERY_ACROSS_FILESYSTEM not set).
2024-07-13 01:41:02.162 [info] > git rev-parse --show-toplevel [2ms]
2024-07-13 01:41:02.162 [info] fatal: not a git repository (or any parent up to mount point /)
Stopping at filesystem boundary (GIT_DISCOVERY_ACROSS_FILESYSTEM not set).
2024-07-13 01:41:07.758 [info] > git rev-parse --show-toplevel [1ms]
2024-07-13 01:41:07.758 [info] fatal: not a git repository (or any parent up to mount point /)
Stopping at filesystem boundary (GIT_DISCOVERY_ACROSS_FILESYSTEM not set).
2024-07-13 01:41:09.770 [info] > git rev-parse --show-toplevel [1ms]
2024-07-13 01:41:09.770 [info] fatal: not a git repository (or any parent up to mount point /)
Stopping at filesystem boundary (GIT_DISCOVERY_ACROSS_FILESYSTEM not set).
2024-07-13 01:41:31.808 [info] > git rev-parse --show-toplevel [1ms]
2024-07-13 01:41:31.808 [info] fatal: not a git repository (or any parent up to mount point /)
Stopping at filesystem boundary (GIT_DISCOVERY_ACROSS_FILESYSTEM not set).
2024-07-13 01:48:02.025 [info] > git rev-parse --show-toplevel [1ms]
2024-07-13 01:48:02.026 [info] fatal: not a git repository (or any parent up to mount point /)
Stopping at filesystem boundary (GIT_DISCOVERY_ACROSS_FILESYSTEM not set).
2024-07-13 01:50:17.417 [info] > git rev-parse --show-toplevel [1ms]
2024-07-13 01:50:17.417 [info] fatal: not a git repository (or any parent up to mount point /)
Stopping at filesystem boundary (GIT_DISCOVERY_ACROSS_FILESYSTEM not set).
2024-07-13 01:51:26.752 [info] > git rev-parse --show-toplevel [1ms]
2024-07-13 01:51:26.752 [info] fatal: not a git repository (or any parent up to mount point /)
Stopping at filesystem boundary (GIT_DISCOVERY_ACROSS_FILESYSTEM not set).
2024-07-13 01:52:10.294 [info] > git rev-parse --show-toplevel [1ms]
2024-07-13 01:52:10.294 [info] fatal: not a git repository (or any parent up to mount point /)
Stopping at filesystem boundary (GIT_DISCOVERY_ACROSS_FILESYSTEM not set).
2024-07-13 01:52:53.585 [info] > git rev-parse --show-toplevel [1ms]
2024-07-13 01:52:53.585 [info] fatal: not a git repository (or any parent up to mount point /)
Stopping at filesystem boundary (GIT_DISCOVERY_ACROSS_FILESYSTEM not set).
2024-07-13 01:53:00.582 [info] > git rev-parse --show-toplevel [1ms]
2024-07-13 01:53:00.582 [info] fatal: not a git repository (or any parent up to mount point /)
Stopping at filesystem boundary (GIT_DISCOVERY_ACROSS_FILESYSTEM not set).
2024-07-13 01:53:04.613 [info] > git rev-parse --show-toplevel [1ms]
2024-07-13 01:53:04.613 [info] fatal: not a git repository (or any parent up to mount point /)
Stopping at filesystem boundary (GIT_DISCOVERY_ACROSS_FILESYSTEM not set).
2024-07-13 01:57:52.293 [info] > git rev-parse --show-toplevel [1ms]
2024-07-13 01:57:52.294 [info] fatal: not a git repository (or any parent up to mount point /)
Stopping at filesystem boundary (GIT_DISCOVERY_ACROSS_FILESYSTEM not set).
2024-07-13 01:57:56.480 [info] > git rev-parse --show-toplevel [1ms]
2024-07-13 01:57:56.480 [info] fatal: not a git repository (or any parent up to mount point /)
Stopping at filesystem boundary (GIT_DISCOVERY_ACROSS_FILESYSTEM not set).
2024-07-13 01:57:59.363 [info] > git rev-parse --show-toplevel [1ms]
2024-07-13 01:57:59.363 [info] fatal: not a git repository (or any parent up to mount point /)
Stopping at filesystem boundary (GIT_DISCOVERY_ACROSS_FILESYSTEM not set).
