2024-07-12 02:28:57.169 [info] Added views:workbench.panel.markers.view in workbench.panel.markers
2024-07-12 02:28:57.169 [info] Added views:workbench.panel.output in workbench.panel.output
2024-07-12 02:28:57.169 [info] Added views:terminal in terminal
2024-07-12 02:28:57.169 [info] Added views:outline in workbench.view.explorer
2024-07-12 02:28:57.169 [info] Added views:workbench.scm in workbench.view.scm
2024-07-12 02:28:57.169 [info] Added views:workbench.view.search in workbench.view.search
2024-07-12 02:28:57.169 [info] Added views:timeline in workbench.view.explorer
2024-07-12 02:28:57.169 [info] Added views:workbench.explorer.emptyView in workbench.view.explorer
2024-07-12 02:28:57.284 [info] Added views:workbench.debug.variablesView,workbench.debug.watchExpressionsView,workbench.debug.callStackView,workbench.debug.breakPointsView in workbench.view.debug
2024-07-12 02:28:57.670 [info] Added views:workbench.panel.repl.view in workbench.panel.repl
2024-07-12 02:28:57.671 [info] Removed views:workbench.debug.breakPointsView,workbench.debug.callStackView,workbench.debug.watchExpressionsView,workbench.debug.variablesView from workbench.view.debug
2024-07-12 02:28:57.671 [info] Added views:workbench.debug.welcome in workbench.view.debug
2024-07-12 02:28:57.905 [info] Added views:~remote.forwardedPorts in ~remote.forwardedPortsContainer
2024-07-12 02:29:36.798 [info] Added views:workbench.panel.markers.view in workbench.panel.markers
2024-07-12 02:29:36.798 [info] Added views:workbench.panel.output in workbench.panel.output
2024-07-12 02:29:36.798 [info] Added views:terminal in terminal
2024-07-12 02:29:36.798 [info] Added views:outline in workbench.view.explorer
2024-07-12 02:29:36.798 [info] Added views:workbench.scm in workbench.view.scm
2024-07-12 02:29:36.798 [info] Added views:workbench.view.search in workbench.view.search
2024-07-12 02:29:36.798 [info] Added views:timeline in workbench.view.explorer
2024-07-12 02:29:36.798 [info] Added views:workbench.explorer.emptyView in workbench.view.explorer
2024-07-12 02:29:36.915 [info] Added views:workbench.debug.welcome in workbench.view.debug
2024-07-12 02:29:37.217 [info] Added views:workbench.panel.repl.view in workbench.panel.repl
2024-07-12 02:29:37.546 [info] Added views:~remote.forwardedPorts in ~remote.forwardedPortsContainer
2024-07-12 02:29:44.893 [info] Added views:workbench.views.extensions.installed,workbench.views.extensions.popular,extensions.recommendedList in workbench.view.extensions
2024-07-12 02:29:44.897 [info] Removed views:workbench.views.extensions.popular from workbench.view.extensions
2024-07-12 02:29:48.013 [info] Removed views:extensions.recommendedList,workbench.views.extensions.installed from workbench.view.extensions
2024-07-12 02:29:48.020 [info] Added views:workbench.views.extensions.marketplace in workbench.view.extensions
2024-07-12 02:29:59.790 [info] Removed views:workbench.views.extensions.marketplace from workbench.view.extensions
2024-07-12 02:29:59.801 [info] Added views:workbench.views.extensions.installed,extensions.recommendedList in workbench.view.extensions
2024-07-12 02:33:03.042 [info] Added views:workbench.panel.markers.view in workbench.panel.markers
2024-07-12 02:33:03.042 [info] Added views:workbench.panel.output in workbench.panel.output
2024-07-12 02:33:03.042 [info] Added views:terminal in terminal
2024-07-12 02:33:03.042 [info] Added views:outline in workbench.view.explorer
2024-07-12 02:33:03.042 [info] Added views:workbench.scm in workbench.view.scm
2024-07-12 02:33:03.042 [info] Added views:workbench.view.search in workbench.view.search
2024-07-12 02:33:03.042 [info] Added views:timeline in workbench.view.explorer
2024-07-12 02:33:03.042 [info] Added views:workbench.explorer.emptyView in workbench.view.explorer
2024-07-12 02:33:03.094 [info] Added views:workbench.debug.welcome in workbench.view.debug
2024-07-12 02:33:03.541 [info] Added views:workbench.panel.repl.view in workbench.panel.repl
2024-07-12 02:33:03.876 [info] Added views:workbench.views.extensions.installed,extensions.recommendedList in workbench.view.extensions
2024-07-12 02:33:03.877 [info] Added views:~remote.forwardedPorts in ~remote.forwardedPortsContainer
2024-07-12 02:33:24.620 [info] Removed views:extensions.recommendedList,workbench.views.extensions.installed from workbench.view.extensions
2024-07-12 02:33:24.625 [info] Added views:workbench.views.extensions.marketplace in workbench.view.extensions
2024-07-12 02:33:34.411 [info] Added views:workbench.panel.comments in workbench.panel.comments
2024-07-12 02:33:41.561 [info] Added views:tabnine.loading in workbench.view.extension.tabnine
2024-07-12 02:33:42.239 [info] Removed views:tabnine.loading from workbench.view.extension.tabnine
2024-07-12 02:33:42.239 [info] Added views:tabnine.chat.authenticate in workbench.view.extension.tabnine
2024-07-12 02:34:36.288 [info] Removed views:tabnine.chat.authenticate from workbench.view.extension.tabnine
2024-07-12 02:34:36.288 [info] Added views:tabnine.chat in workbench.view.extension.tabnine
2024-07-12 02:34:55.806 [info] Removed views:workbench.views.extensions.marketplace from workbench.view.extensions
2024-07-12 02:34:55.817 [info] Added views:workbench.views.extensions.installed,extensions.recommendedList in workbench.view.extensions
2024-07-12 02:36:36.596 [info] Removed views:extensions.recommendedList,workbench.views.extensions.installed from workbench.view.extensions
2024-07-12 02:36:36.603 [info] Added views:workbench.views.extensions.marketplace in workbench.view.extensions
2024-07-12 02:36:58.511 [info] Removed views:workbench.views.extensions.marketplace from workbench.view.extensions
2024-07-12 02:36:58.520 [info] Added views:workbench.views.extensions.installed,extensions.recommendedList in workbench.view.extensions
2024-07-12 02:36:59.522 [info] Removed views:extensions.recommendedList,workbench.views.extensions.installed from workbench.view.extensions
2024-07-12 02:36:59.527 [info] Added views:workbench.views.extensions.marketplace in workbench.view.extensions
2024-07-12 02:37:38.626 [info] Removed views:workbench.views.extensions.marketplace from workbench.view.extensions
2024-07-12 02:37:38.634 [info] Added views:workbench.views.extensions.installed,extensions.recommendedList in workbench.view.extensions
2024-07-12 02:37:39.467 [info] Removed views:extensions.recommendedList,workbench.views.extensions.installed from workbench.view.extensions
2024-07-12 02:37:39.477 [info] Added views:workbench.views.extensions.marketplace in workbench.view.extensions
2024-07-12 02:37:59.565 [info] Removed views:workbench.views.extensions.marketplace from workbench.view.extensions
2024-07-12 02:37:59.571 [info] Added views:workbench.views.extensions.installed,extensions.recommendedList in workbench.view.extensions
2024-07-12 02:38:00.335 [info] Removed views:extensions.recommendedList,workbench.views.extensions.installed from workbench.view.extensions
2024-07-12 02:38:00.355 [info] Added views:workbench.views.extensions.marketplace in workbench.view.extensions
2024-07-12 02:38:30.322 [info] Removed views:workbench.panel.repl.view from workbench.panel.repl
2024-07-12 02:38:30.400 [info] Added views:workbench.panel.repl.view in workbench.panel.repl
2024-07-12 02:38:31.600 [info] Removed views:tabnine.chat from workbench.view.extension.tabnine
2024-07-12 02:38:31.603 [info] Added views:tabnine.loading in workbench.view.extension.tabnine
2024-07-12 02:38:33.009 [info] Removed views:tabnine.loading from workbench.view.extension.tabnine
2024-07-12 02:38:33.011 [info] Added views:tabnine.chat in workbench.view.extension.tabnine
2024-07-12 02:38:43.064 [info] Removed views:workbench.views.extensions.marketplace from workbench.view.extensions
2024-07-12 02:38:43.072 [info] Added views:workbench.views.extensions.installed,extensions.recommendedList in workbench.view.extensions
2024-07-12 02:38:44.035 [info] Removed views:extensions.recommendedList,workbench.views.extensions.installed from workbench.view.extensions
2024-07-12 02:38:44.055 [info] Added views:workbench.views.extensions.marketplace in workbench.view.extensions
