2024-07-13 00:28:54.177 [info] Extension host with pid 1314133 started
2024-07-13 00:28:54.370 [info] ExtensionService#_doActivateExtension vscode.emmet, startup: false, activationEvent: 'onLanguage'
2024-07-13 00:28:54.376 [info] ExtensionService#_doActivateExtension eww-yuck.yuck, startup: false, activationEvent: 'onLanguage:yuck'
2024-07-13 00:28:54.460 [info] ExtensionService#_doActivateExtension vscode.git-base, startup: true, activationEvent: '*', root cause: vscode.git
2024-07-13 00:28:54.463 [info] ExtensionService#_doActivateExtension Yunduo.color-highlight-css-color-4, startup: true, activationEvent: '*'
2024-07-13 00:28:54.530 [info] ExtensionService#_doActivateExtension vscode.git, startup: true, activationEvent: '*'
2024-07-13 00:28:54.558 [info] ExtensionService#_doActivateExtension vscode.github, startup: true, activationEvent: '*'
2024-07-13 00:28:54.606 [info] Eager extensions activated
2024-07-13 00:28:54.625 [info] ExtensionService#_doActivateExtension vscode.debug-auto-launch, startup: false, activationEvent: 'onStartupFinished'
2024-07-13 00:28:54.626 [info] ExtensionService#_doActivateExtension vscode.merge-conflict, startup: false, activationEvent: 'onStartupFinished'
2024-07-13 00:28:54.633 [info] ExtensionService#_doActivateExtension Katsute.code-background, startup: false, activationEvent: 'onStartupFinished'
2024-07-13 00:28:54.641 [info] ExtensionService#_doActivateExtension PKief.material-icon-theme, startup: false, activationEvent: 'onStartupFinished'
2024-07-13 00:28:54.649 [info] ExtensionService#_doActivateExtension RichardLuo.frosted-glass-theme, startup: false, activationEvent: 'onStartupFinished'
2024-07-13 00:28:54.652 [info] ExtensionService#_doActivateExtension TabNine.tabnine-vscode, startup: false, activationEvent: 'onStartupFinished'
2024-07-13 00:28:54.977 [info] ExtensionService#_doActivateExtension vscode.configuration-editing, startup: false, activationEvent: 'onLanguage:jsonc'
2024-07-13 00:28:54.983 [info] ExtensionService#_doActivateExtension vscode.json-language-features, startup: false, activationEvent: 'onLanguage:jsonc'
2024-07-13 00:28:55.001 [info] ExtensionService#_doActivateExtension vscode.typescript-language-features, startup: false, activationEvent: 'onLanguage:jsonc'
2024-07-13 00:32:18.788 [info] Extension host terminating: renderer closed the MessagePort
2024-07-13 00:32:18.812 [error] Error: Channel has been closed
	at f (/opt/visual-studio-code/resources/app/out/vs/workbench/api/node/extensionHostProcess.js:157:2490)
	at Object.appendLine (/opt/visual-studio-code/resources/app/out/vs/workbench/api/node/extensionHostProcess.js:157:2608)
	at Object.log (/home/notpineapple/.vscode/extensions/tabnine.tabnine-vscode-3.126.0/out/extension.js:17:168663)
	at Object.error (/home/notpineapple/.vscode/extensions/tabnine.tabnine-vscode-3.126.0/out/extension.js:17:169007)
	at t.default.request (/home/notpineapple/.vscode/extensions/tabnine.tabnine-vscode-3.126.0/out/extension.js:17:39259)
	at process.processTicksAndRejections (node:internal/process/task_queues:95:5)
	at async Promise.all (index 13)
	at async m.$ (/opt/visual-studio-code/resources/app/out/vs/workbench/api/node/extensionHostProcess.js:160:7930)
2024-07-13 00:32:18.812 [error] Canceled: Canceled
	at new I (/opt/visual-studio-code/resources/app/out/vs/workbench/api/node/extensionHostProcess.js:144:34990)
	at S.U (/opt/visual-studio-code/resources/app/out/vs/workbench/api/node/extensionHostProcess.js:151:6023)
	at z.<computed>.F.charCodeAt.T.CharCode.DollarSign.z.<computed> (/opt/visual-studio-code/resources/app/out/vs/workbench/api/node/extensionHostProcess.js:151:3107)
	at f.g (/opt/visual-studio-code/resources/app/out/vs/workbench/api/node/extensionHostProcess.js:154:203861)
	at f.executeCommand (/opt/visual-studio-code/resources/app/out/vs/workbench/api/node/extensionHostProcess.js:154:203299)
	at A.registerCommand.description (/opt/visual-studio-code/resources/app/out/vs/workbench/api/node/extensionHostProcess.js:154:202623)
	at f.h (/opt/visual-studio-code/resources/app/out/vs/workbench/api/node/extensionHostProcess.js:154:204400)
	at f.g (/opt/visual-studio-code/resources/app/out/vs/workbench/api/node/extensionHostProcess.js:154:203392)
	at f.executeCommand (/opt/visual-studio-code/resources/app/out/vs/workbench/api/node/extensionHostProcess.js:154:203299)
	at Object.executeCommand (/opt/visual-studio-code/resources/app/out/vs/workbench/api/node/extensionHostProcess.js:164:23051)
	at Object.dispose (/home/notpineapple/.vscode/extensions/tabnine.tabnine-vscode-3.126.0/out/extension.js:17:99856)
	at c.<anonymous> (/opt/visual-studio-code/resources/app/out/vs/workbench/api/node/extensionHostProcess.js:152:4048)
	at c.dispose (/opt/visual-studio-code/resources/app/out/vs/workbench/api/node/extensionHostProcess.js:152:4145)
	at c.<anonymous> (/opt/visual-studio-code/resources/app/out/vs/workbench/api/node/extensionHostProcess.js:152:4048)
	at c.dispose (/opt/visual-studio-code/resources/app/out/vs/workbench/api/node/extensionHostProcess.js:152:4145)
	at /home/notpineapple/.vscode/extensions/tabnine.tabnine-vscode-3.126.0/out/extension.js:17:38130
	at Array.forEach (<anonymous>)
	at h (/home/notpineapple/.vscode/extensions/tabnine.tabnine-vscode-3.126.0/out/extension.js:17:38115)
	at Object.dispose (/home/notpineapple/.vscode/extensions/tabnine.tabnine-vscode-3.126.0/out/extension.js:17:37501)
	at d (/opt/visual-studio-code/resources/app/out/vs/workbench/api/node/extensionHostProcess.js:30:744)
	at m.eb (/opt/visual-studio-code/resources/app/out/vs/workbench/api/node/extensionHostProcess.js:160:10039)
	at /opt/visual-studio-code/resources/app/out/vs/workbench/api/node/extensionHostProcess.js:160:7915
	at Array.map (<anonymous>)
	at m.$ (/opt/visual-studio-code/resources/app/out/vs/workbench/api/node/extensionHostProcess.js:160:7902)
	at m.terminate (/opt/visual-studio-code/resources/app/out/vs/workbench/api/node/extensionHostProcess.js:160:8175)
	at d.terminate (/opt/visual-studio-code/resources/app/out/vs/workbench/api/node/extensionHostProcess.js:164:1513)
	at i (/opt/visual-studio-code/resources/app/out/vs/workbench/api/node/extensionHostProcess.js:177:10617)
	at MessagePortMain.<anonymous> (/opt/visual-studio-code/resources/app/out/vs/workbench/api/node/extensionHostProcess.js:177:6809)
	at MessagePortMain.emit (node:events:514:28)
	at MessagePortMain._internalPort.emit (node:electron/js2c/utility_init:2:2285) setContext undefined
2024-07-13 00:32:18.813 [info] Extension host with pid 1314133 exiting with code 0
