03:06:17 GMT+0300 (Moscow Standard Time) [INFO]: spawning binary with command: /home/notpineapple/.config/Code/User/globalStorage/tabnine.tabnine-vscode/binaries/4.177.0/x86_64-unknown-linux-musl/TabNine args: --print-version 

03:06:17 GMT+0300 (Moscow Standard Time) [INFO]: spawning binary with command: /home/notpineapple/.config/Code/User/globalStorage/tabnine.tabnine-vscode/binaries/4.177.0/x86_64-unknown-linux-musl/TabNine args: --tls_config insecure=false --no-lsp=true --client=vscode --client-metadata clientVersion=1.91.1 pluginVersion=3.126.0 t9-vscode-AutoImportEnabled=true t9-vscode-TSAutoImportEnabled=true t9-vscode-JSAutoImportEnabled=true vscode-telemetry-enabled=true vscode-remote=false vscode-extension-kind=1 vscode-theme-name=Prplkai vscode-theme-kind=Dark vscode-machine-id=adc72cd601e8ed78dc228e186a8f563bf121fa61d47c8104b1d1695374bac0ed vscode-is-new-app-install=true vscode-session-id=056a5021-5f4f-4214-bb3c-51c26b50cf3e1720742776137 vscode-language=en vscode-app-name=Visual Studio Code vscode-beta-channel-enabled=false vscode-status-customization=unknown vscode-inline-api-enabled=true vscode-code-lens-enabled=true vscode-found-intellicode=false ide-restart-counter=0 

03:06:17 GMT+0300 (Moscow Standard Time) [DEBUG]: capabilities resolved immediately 

03:06:19 GMT+0300 (Moscow Standard Time) [ERROR]: validating /home/notpineapple/.config/Code/User/globalStorage/tabnine.tabnine-vscode/binaries/4.177.0/x86_64-unknown-linux-musl/TabNine timeout 

03:06:20 GMT+0300 (Moscow Standard Time) [DEBUG]: Updating root paths for project eww: ["/home/notpineapple/.config/eww"] 

03:06:50 GMT+0300 (Moscow Standard Time) [DEBUG]: Updating root paths for project eww: ["/home/notpineapple/.config/eww"] 

03:07:20 GMT+0300 (Moscow Standard Time) [DEBUG]: Updating root paths for project eww: ["/home/notpineapple/.config/eww"] 

03:07:50 GMT+0300 (Moscow Standard Time) [DEBUG]: Updating root paths for project eww: ["/home/notpineapple/.config/eww"] 

03:08:20 GMT+0300 (Moscow Standard Time) [DEBUG]: Updating root paths for project eww: ["/home/notpineapple/.config/eww"] 

03:08:50 GMT+0300 (Moscow Standard Time) [DEBUG]: Updating root paths for project eww: ["/home/notpineapple/.config/eww"] 

03:09:20 GMT+0300 (Moscow Standard Time) [DEBUG]: Updating root paths for project eww: ["/home/notpineapple/.config/eww"] 

03:09:50 GMT+0300 (Moscow Standard Time) [DEBUG]: Updating root paths for project eww: ["/home/notpineapple/.config/eww"] 

03:10:20 GMT+0300 (Moscow Standard Time) [DEBUG]: Updating root paths for project eww: ["/home/notpineapple/.config/eww"] 

03:10:50 GMT+0300 (Moscow Standard Time) [DEBUG]: Updating root paths for project eww: ["/home/notpineapple/.config/eww"] 

03:11:20 GMT+0300 (Moscow Standard Time) [DEBUG]: Updating root paths for project eww: ["/home/notpineapple/.config/eww"] 

03:11:50 GMT+0300 (Moscow Standard Time) [DEBUG]: Updating root paths for project eww: ["/home/notpineapple/.config/eww"] 

03:12:20 GMT+0300 (Moscow Standard Time) [DEBUG]: Updating root paths for project eww: ["/home/notpineapple/.config/eww"] 

03:12:50 GMT+0300 (Moscow Standard Time) [DEBUG]: Updating root paths for project eww: ["/home/notpineapple/.config/eww"] 

03:13:20 GMT+0300 (Moscow Standard Time) [DEBUG]: Updating root paths for project eww: ["/home/notpineapple/.config/eww"] 

03:13:50 GMT+0300 (Moscow Standard Time) [DEBUG]: Updating root paths for project eww: ["/home/notpineapple/.config/eww"] 

03:14:20 GMT+0300 (Moscow Standard Time) [DEBUG]: Updating root paths for project eww: ["/home/notpineapple/.config/eww"] 

03:14:50 GMT+0300 (Moscow Standard Time) [DEBUG]: Updating root paths for project eww: ["/home/notpineapple/.config/eww"] 

03:15:20 GMT+0300 (Moscow Standard Time) [DEBUG]: Updating root paths for project eww: ["/home/notpineapple/.config/eww"] 

03:15:50 GMT+0300 (Moscow Standard Time) [DEBUG]: Updating root paths for project eww: ["/home/notpineapple/.config/eww"] 

03:16:20 GMT+0300 (Moscow Standard Time) [DEBUG]: Updating root paths for project eww: ["/home/notpineapple/.config/eww"] 

03:16:50 GMT+0300 (Moscow Standard Time) [DEBUG]: Updating root paths for project eww: ["/home/notpineapple/.config/eww"] 

03:17:20 GMT+0300 (Moscow Standard Time) [DEBUG]: Updating root paths for project eww: ["/home/notpineapple/.config/eww"] 

03:17:50 GMT+0300 (Moscow Standard Time) [DEBUG]: Updating root paths for project eww: ["/home/notpineapple/.config/eww"] 

03:18:20 GMT+0300 (Moscow Standard Time) [DEBUG]: Updating root paths for project eww: ["/home/notpineapple/.config/eww"] 

03:18:50 GMT+0300 (Moscow Standard Time) [DEBUG]: Updating root paths for project eww: ["/home/notpineapple/.config/eww"] 

03:19:20 GMT+0300 (Moscow Standard Time) [DEBUG]: Updating root paths for project eww: ["/home/notpineapple/.config/eww"] 

03:19:50 GMT+0300 (Moscow Standard Time) [DEBUG]: Updating root paths for project eww: ["/home/notpineapple/.config/eww"] 

03:20:20 GMT+0300 (Moscow Standard Time) [DEBUG]: Updating root paths for project eww: ["/home/notpineapple/.config/eww"] 

03:20:50 GMT+0300 (Moscow Standard Time) [DEBUG]: Updating root paths for project eww: ["/home/notpineapple/.config/eww"] 

03:21:20 GMT+0300 (Moscow Standard Time) [DEBUG]: Updating root paths for project eww: ["/home/notpineapple/.config/eww"] 

03:21:50 GMT+0300 (Moscow Standard Time) [DEBUG]: Updating root paths for project eww: ["/home/notpineapple/.config/eww"] 

03:22:20 GMT+0300 (Moscow Standard Time) [DEBUG]: Updating root paths for project eww: ["/home/notpineapple/.config/eww"] 

03:22:50 GMT+0300 (Moscow Standard Time) [DEBUG]: Updating root paths for project eww: ["/home/notpineapple/.config/eww"] 

03:23:20 GMT+0300 (Moscow Standard Time) [DEBUG]: Updating root paths for project eww: ["/home/notpineapple/.config/eww"] 

03:23:50 GMT+0300 (Moscow Standard Time) [DEBUG]: Updating root paths for project eww: ["/home/notpineapple/.config/eww"] 

03:24:20 GMT+0300 (Moscow Standard Time) [DEBUG]: Updating root paths for project eww: ["/home/notpineapple/.config/eww"] 

03:24:50 GMT+0300 (Moscow Standard Time) [DEBUG]: Updating root paths for project eww: ["/home/notpineapple/.config/eww"] 

03:25:20 GMT+0300 (Moscow Standard Time) [DEBUG]: Updating root paths for project eww: ["/home/notpineapple/.config/eww"] 

03:25:50 GMT+0300 (Moscow Standard Time) [DEBUG]: Updating root paths for project eww: ["/home/notpineapple/.config/eww"] 

03:26:20 GMT+0300 (Moscow Standard Time) [DEBUG]: Updating root paths for project eww: ["/home/notpineapple/.config/eww"] 

03:26:50 GMT+0300 (Moscow Standard Time) [DEBUG]: Updating root paths for project eww: ["/home/notpineapple/.config/eww"] 

03:27:20 GMT+0300 (Moscow Standard Time) [DEBUG]: Updating root paths for project eww: ["/home/notpineapple/.config/eww"] 

03:27:50 GMT+0300 (Moscow Standard Time) [DEBUG]: Updating root paths for project eww: ["/home/notpineapple/.config/eww"] 

03:28:20 GMT+0300 (Moscow Standard Time) [DEBUG]: Updating root paths for project eww: ["/home/notpineapple/.config/eww"] 

03:28:50 GMT+0300 (Moscow Standard Time) [DEBUG]: Updating root paths for project eww: ["/home/notpineapple/.config/eww"] 

03:29:20 GMT+0300 (Moscow Standard Time) [DEBUG]: Updating root paths for project eww: ["/home/notpineapple/.config/eww"] 

03:29:50 GMT+0300 (Moscow Standard Time) [DEBUG]: Updating root paths for project eww: ["/home/notpineapple/.config/eww"] 

03:30:20 GMT+0300 (Moscow Standard Time) [DEBUG]: Updating root paths for project eww: ["/home/notpineapple/.config/eww"] 

03:30:50 GMT+0300 (Moscow Standard Time) [DEBUG]: Updating root paths for project eww: ["/home/notpineapple/.config/eww"] 

03:31:20 GMT+0300 (Moscow Standard Time) [DEBUG]: Updating root paths for project eww: ["/home/notpineapple/.config/eww"] 

03:31:50 GMT+0300 (Moscow Standard Time) [DEBUG]: Updating root paths for project eww: ["/home/notpineapple/.config/eww"] 

03:32:20 GMT+0300 (Moscow Standard Time) [DEBUG]: Updating root paths for project eww: ["/home/notpineapple/.config/eww"] 

03:32:50 GMT+0300 (Moscow Standard Time) [DEBUG]: Updating root paths for project eww: ["/home/notpineapple/.config/eww"] 

03:33:20 GMT+0300 (Moscow Standard Time) [DEBUG]: Updating root paths for project eww: ["/home/notpineapple/.config/eww"] 

03:33:50 GMT+0300 (Moscow Standard Time) [DEBUG]: Updating root paths for project eww: ["/home/notpineapple/.config/eww"] 

03:34:20 GMT+0300 (Moscow Standard Time) [DEBUG]: Updating root paths for project eww: ["/home/notpineapple/.config/eww"] 

03:34:50 GMT+0300 (Moscow Standard Time) [DEBUG]: Updating root paths for project eww: ["/home/notpineapple/.config/eww"] 

03:35:20 GMT+0300 (Moscow Standard Time) [DEBUG]: Updating root paths for project eww: ["/home/notpineapple/.config/eww"] 

03:35:50 GMT+0300 (Moscow Standard Time) [DEBUG]: Updating root paths for project eww: ["/home/notpineapple/.config/eww"] 

03:36:20 GMT+0300 (Moscow Standard Time) [DEBUG]: Updating root paths for project eww: ["/home/notpineapple/.config/eww"] 

03:36:50 GMT+0300 (Moscow Standard Time) [DEBUG]: Updating root paths for project eww: ["/home/notpineapple/.config/eww"] 

03:37:20 GMT+0300 (Moscow Standard Time) [DEBUG]: Updating root paths for project eww: ["/home/notpineapple/.config/eww"] 

03:37:50 GMT+0300 (Moscow Standard Time) [DEBUG]: Updating root paths for project eww: ["/home/notpineapple/.config/eww"] 

03:38:20 GMT+0300 (Moscow Standard Time) [DEBUG]: Updating root paths for project eww: ["/home/notpineapple/.config/eww"] 

03:38:50 GMT+0300 (Moscow Standard Time) [DEBUG]: Updating root paths for project eww: ["/home/notpineapple/.config/eww"] 

03:39:20 GMT+0300 (Moscow Standard Time) [DEBUG]: Updating root paths for project eww: ["/home/notpineapple/.config/eww"] 

03:39:50 GMT+0300 (Moscow Standard Time) [DEBUG]: Updating root paths for project eww: ["/home/notpineapple/.config/eww"] 

03:40:20 GMT+0300 (Moscow Standard Time) [DEBUG]: Updating root paths for project eww: ["/home/notpineapple/.config/eww"] 

03:40:50 GMT+0300 (Moscow Standard Time) [DEBUG]: Updating root paths for project eww: ["/home/notpineapple/.config/eww"] 

03:41:20 GMT+0300 (Moscow Standard Time) [DEBUG]: Updating root paths for project eww: ["/home/notpineapple/.config/eww"] 

03:41:50 GMT+0300 (Moscow Standard Time) [DEBUG]: Updating root paths for project eww: ["/home/notpineapple/.config/eww"] 

03:42:20 GMT+0300 (Moscow Standard Time) [DEBUG]: Updating root paths for project eww: ["/home/notpineapple/.config/eww"] 

03:42:50 GMT+0300 (Moscow Standard Time) [DEBUG]: Updating root paths for project eww: ["/home/notpineapple/.config/eww"] 

03:43:20 GMT+0300 (Moscow Standard Time) [DEBUG]: Updating root paths for project eww: ["/home/notpineapple/.config/eww"] 

03:43:50 GMT+0300 (Moscow Standard Time) [DEBUG]: Updating root paths for project eww: ["/home/notpineapple/.config/eww"] 

03:44:20 GMT+0300 (Moscow Standard Time) [DEBUG]: Updating root paths for project eww: ["/home/notpineapple/.config/eww"] 

03:44:50 GMT+0300 (Moscow Standard Time) [DEBUG]: Updating root paths for project eww: ["/home/notpineapple/.config/eww"] 

03:45:20 GMT+0300 (Moscow Standard Time) [DEBUG]: Updating root paths for project eww: ["/home/notpineapple/.config/eww"] 

03:45:50 GMT+0300 (Moscow Standard Time) [DEBUG]: Updating root paths for project eww: ["/home/notpineapple/.config/eww"] 

03:46:20 GMT+0300 (Moscow Standard Time) [DEBUG]: Updating root paths for project eww: ["/home/notpineapple/.config/eww"] 

